{"meta": {"format": 3, "version": "7.13.4", "timestamp": "2026-07-21T13:34:22.846288", "branch_coverage": false, "show_contexts": false}, "files": {"app\\web\\__init__.py": {"executed_lines": [], "summary": {"covered_lines": 0, "num_statements": 0, "percent_covered": 100.0, "percent_covered_display": "100", "missing_lines": 0, "excluded_lines": 0, "percent_statements_covered": 100.0, "percent_statements_covered_display": "100"}, "missing_lines": [], "excluded_lines": [], "functions": {"": {"executed_lines": [], "summary": {"covered_lines": 0, "num_statements": 0, "percent_covered": 100.0, "percent_covered_display": "100", "missing_lines": 0, "excluded_lines": 0, "percent_statements_covered": 100.0, "percent_statements_covered_display": "100"}, "missing_lines": [], "excluded_lines": [], "start_line": 1}}, "classes": {"": {"executed_lines": [], "summary": {"covered_lines": 0, "num_statements": 0, "percent_covered": 100.0, "percent_covered_display": "100", "missing_lines": 0, "excluded_lines": 0, "percent_statements_covered": 100.0, "percent_statements_covered_display": "100"}, "missing_lines": [], "excluded_lines": [], "start_line": 1}}}, "app\\web\\plan31_main.py": {"executed_lines": [6, 7, 9, 11, 12, 13, 14, 15, 16, 20, 21, 22, 23, 24, 25, 26, 29, 30, 62, 64, 72, 73, 74, 75, 76, 79, 80, 82, 87, 91, 94], "summary": {"covered_lines": 31, "num_statements": 49, "percent_covered": 63.265306122448976, "percent_covered_display": "63", "missing_lines": 18, "excluded_lines": 0, "percent_statements_covered": 63.265306122448976, "percent_statements_covered_display": "63"}, "missing_lines": [36, 37, 41, 42, 43, 44, 45, 46, 49, 50, 51, 52, 53, 55, 58, 59, 95, 97], "excluded_lines": [], "functions": {"lifespan": {"executed_lines": [], "summary": {"covered_lines": 0, "num_statements": 16, "percent_covered": 0.0, "percent_covered_display": "0", "missing_lines": 16, "excluded_lines": 0, "percent_statements_covered": 0.0, "percent_statements_covered_display": "0"}, "missing_lines": [36, 37, 41, 42, 43, 44, 45, 46, 49, 50, 51, 52, 53, 55, 58, 59], "excluded_lines": [], "start_line": 30}, "create_app": {"executed_lines": [64, 72, 73, 74, 75, 76, 79, 80, 87], "summary": {"covered_lines": 9, "num_statements": 9, "percent_covered": 100.0, "percent_covered_display": "100", "missing_lines": 0, "excluded_lines": 0, "percent_statements_covered": 100.0, "percent_statements_covered_display": "100"}, "missing_lines": [], "excluded_lines": [], "start_line": 62}, "create_app.health_check": {"executed_lines": [82], "summary": {"covered_lines": 1, "num_statements": 1, "percent_covered": 100.0, "percent_covered_display": "100", "missing_lines": 0, "excluded_lines": 0, "percent_statements_covered": 100.0, "percent_statements_covered_display": "100"}, "missing_lines": [], "excluded_lines": [], "start_line": 80}, "": {"executed_lines": [6, 7, 9, 11, 12, 13, 14, 15, 16, 20, 21, 22, 23, 24, 25, 26, 29, 30, 62, 91, 94], "summary": {"covered_lines": 21, "num_statements": 23, "percent_covered": 91.30434782608695, "percent_covered_display": "91", "missing_lines": 2, "excluded_lines": 0, "percent_statements_covered": 91.30434782608695, "percent_statements_covered_display": "91"}, "missing_lines": [95, 97], "excluded_lines": [], "start_line": 1}}, "classes": {"": {"executed_lines": [6, 7, 9, 11, 12, 13, 14, 15, 16, 20, 21, 22, 23, 24, 25, 26, 29, 30, 62, 64, 72, 73, 74, 75, 76, 79, 80, 82, 87, 91, 94], "summary": {"covered_lines": 31, "num_statements": 49, "percent_covered": 63.265306122448976, "percent_covered_display": "63", "missing_lines": 18, "excluded_lines": 0, "percent_statements_covered": 63.265306122448976, "percent_statements_covered_display": "63"}, "missing_lines": [36, 37, 41, 42, 43, 44, 45, 46, 49, 50, 51, 52, 53, 55, 58, 59, 95, 97], "excluded_lines": [], "start_line": 1}}}, "app\\web\\routes\\__init__.py": {"executed_lines": [], "summary": {"covered_lines": 0, "num_statements": 0, "percent_covered": 100.0, "percent_covered_display": "100", "missing_lines": 0, "excluded_lines": 0, "percent_statements_covered": 100.0, "percent_statements_covered_display": "100"}, "missing_lines": [], "excluded_lines": [], "functions": {"": {"executed_lines": [], "summary": {"covered_lines": 0, "num_statements": 0, "percent_covered": 100.0, "percent_covered_display": "100", "missing_lines": 0, "excluded_lines": 0, "percent_statements_covered": 100.0, "percent_statements_covered_display": "100"}, "missing_lines": [], "excluded_lines": [], "start_line": 1}}, "classes": {"": {"executed_lines": [], "summary": {"covered_lines": 0, "num_statements": 0, "percent_covered": 100.0, "percent_covered_display": "100", "missing_lines": 0, "excluded_lines": 0, "percent_statements_covered": 100.0, "percent_statements_covered_display": "100"}, "missing_lines": [], "excluded_lines": [], "start_line": 1}}}, "app\\web\\routes\\auth.py": {"executed_lines": [6, 7, 8, 9, 11, 12, 14, 17, 21, 22, 25, 28, 29, 32, 35, 36, 37, 38, 40, 41, 48, 54, 56, 57, 60, 65, 67, 68, 69, 71, 73, 75, 78, 79, 81, 82, 85, 86, 87, 88, 94, 101, 102, 103, 106, 107, 110, 147, 148, 149, 152, 153, 156, 161, 169, 173, 174, 176, 179, 180, 182, 185, 186, 189, 192, 193, 195, 196, 198, 199, 202, 203, 205, 208, 209, 210], "summary": {"covered_lines": 76, "num_statements": 107, "percent_covered": 71.02803738317758, "percent_covered_display": "71", "missing_lines": 31, "excluded_lines": 0, "percent_statements_covered": 71.02803738317758, "percent_statements_covered_display": "71"}, "missing_lines": [43, 44, 45, 50, 51, 62, 70, 72, 74, 95, 113, 114, 116, 117, 118, 119, 126, 127, 128, 129, 130, 137, 138, 140, 141, 144, 170, 183, 187, 206, 212], "excluded_lines": [], "functions": {"set_dependencies": {"executed_lines": [28, 29], "summary": {"covered_lines": 2, "num_statements": 2, "percent_covered": 100.0, "percent_covered_display": "100", "missing_lines": 0, "excluded_lines": 0, "percent_statements_covered": 100.0, "percent_statements_covered_display": "100"}, "missing_lines": [], "excluded_lines": [], "start_line": 25}, "RateLimitConfig.get_backoff_seconds": {"executed_lines": [], "summary": {"covered_lines": 0, "num_statements": 3, "percent_covered": 0.0, "percent_covered_display": "0", "missing_lines": 3, "excluded_lines": 0, "percent_statements_covered": 0.0, "percent_statements_covered_display": "0"}, "missing_lines": [43, 44, 45], "excluded_lines": [], "start_line": 41}, "generate_setup_token": {"executed_lines": [], "summary": {"covered_lines": 0, "num_statements": 2, "percent_covered": 0.0, "percent_covered_display": "0", "missing_lines": 2, "excluded_lines": 0, "percent_statements_covered": 0.0, "percent_statements_covered_display": "0"}, "missing_lines": [50, 51], "excluded_lines": [], "start_line": 48}, "hash_password": {"executed_lines": [56, 57], "summary": {"covered_lines": 2, "num_statements": 2, "percent_covered": 100.0, "percent_covered_display": "100", "missing_lines": 0, "excluded_lines": 0, "percent_statements_covered": 100.0, "percent_statements_covered_display": "100"}, "missing_lines": [], "excluded_lines": [], "start_line": 54}, "verify_password": {"executed_lines": [], "summary": {"covered_lines": 0, "num_statements": 1, "percent_covered": 0.0, "percent_covered_display": "0", "missing_lines": 1, "excluded_lines": 0, "percent_statements_covered": 0.0, "percent_statements_covered_display": "0"}, "missing_lines": [62], "excluded_lines": [], "start_line": 60}, "validate_password_policy": {"executed_lines": [67, 68, 69, 71, 73, 75], "summary": {"covered_lines": 6, "num_statements": 9, "percent_covered": 66.66666666666667, "percent_covered_display": "67", "missing_lines": 3, "excluded_lines": 0, "percent_statements_covered": 66.66666666666667, "percent_statements_covered_display": "67"}, "missing_lines": [70, 72, 74], "excluded_lines": [], "start_line": 65}, "login": {"executed_lines": [81, 82, 85, 86, 87, 88, 94, 101, 102, 103, 106, 107, 110, 147, 148, 149, 152, 153, 156, 161, 169, 173, 174, 176], "summary": {"covered_lines": 24, "num_statements": 42, "percent_covered": 57.142857142857146, "percent_covered_display": "57", "missing_lines": 18, "excluded_lines": 0, "percent_statements_covered": 57.142857142857146, "percent_statements_covered_display": "57"}, "missing_lines": [95, 113, 114, 116, 117, 118, 119, 126, 127, 128, 129, 130, 137, 138, 140, 141, 144, 170], "excluded_lines": [], "start_line": 79}, "logout": {"executed_lines": [182, 185, 186, 189], "summary": {"covered_lines": 4, "num_statements": 6, "percent_covered": 66.66666666666667, "percent_covered_display": "67", "missing_lines": 2, "excluded_lines": 0, "percent_statements_covered": 66.66666666666667, "percent_statements_covered_display": "67"}, "missing_lines": [183, 187], "excluded_lines": [], "start_line": 180}, "bootstrap_status": {"executed_lines": [195, 196, 198, 199], "summary": {"covered_lines": 4, "num_statements": 4, "percent_covered": 100.0, "percent_covered_display": "100", "missing_lines": 0, "excluded_lines": 0, "percent_statements_covered": 100.0, "percent_statements_covered_display": "100"}, "missing_lines": [], "excluded_lines": [], "start_line": 193}, "get_rate_limit_status": {"executed_lines": [205, 208, 209, 210], "summary": {"covered_lines": 4, "num_statements": 6, "percent_covered": 66.66666666666667, "percent_covered_display": "67", "missing_lines": 2, "excluded_lines": 0, "percent_statements_covered": 66.66666666666667, "percent_statements_covered_display": "67"}, "missing_lines": [206, 212], "excluded_lines": [], "start_line": 203}, "": {"executed_lines": [6, 7, 8, 9, 11, 12, 14, 17, 21, 22, 25, 32, 35, 36, 37, 38, 40, 41, 48, 54, 60, 65, 78, 79, 179, 180, 192, 193, 202, 203], "summary": {"covered_lines": 30, "num_statements": 30, "percent_covered": 100.0, "percent_covered_display": "100", "missing_lines": 0, "excluded_lines": 0, "percent_statements_covered": 100.0, "percent_statements_covered_display": "100"}, "missing_lines": [], "excluded_lines": [], "start_line": 1}}, "classes": {"RateLimitConfig": {"executed_lines": [], "summary": {"covered_lines": 0, "num_statements": 3, "percent_covered": 0.0, "percent_covered_display": "0", "missing_lines": 3, "excluded_lines": 0, "percent_statements_covered": 0.0, "percent_statements_covered_display": "0"}, "missing_lines": [43, 44, 45], "excluded_lines": [], "start_line": 32}, "": {"executed_lines": [6, 7, 8, 9, 11, 12, 14, 17, 21, 22, 25, 28, 29, 32, 35, 36, 37, 38, 40, 41, 48, 54, 56, 57, 60, 65, 67, 68, 69, 71, 73, 75, 78, 79, 81, 82, 85, 86, 87, 88, 94, 101, 102, 103, 106, 107, 110, 147, 148, 149, 152, 153, 156, 161, 169, 173, 174, 176, 179, 180, 182, 185, 186, 189, 192, 193, 195, 196, 198, 199, 202, 203, 205, 208, 209, 210], "summary": {"covered_lines": 76, "num_statements": 104, "percent_covered": 73.07692307692308, "percent_covered_display": "73", "missing_lines": 28, "excluded_lines": 0, "percent_statements_covered": 73.07692307692308, "percent_statements_covered_display": "73"}, "missing_lines": [50, 51, 62, 70, 72, 74, 95, 113, 114, 116, 117, 118, 119, 126, 127, 128, 129, 130, 137, 138, 140, 141, 144, 170, 183, 187, 206, 212], "excluded_lines": [], "start_line": 1}}}, "app\\web\\routes\\auth_dependencies.py": {"executed_lines": [6, 7, 8, 9, 10, 11, 14, 17, 21, 25, 30, 36, 39, 43, 48, 53, 58, 63, 68, 73], "summary": {"covered_lines": 20, "num_statements": 34, "percent_covered": 58.8235294117647, "percent_covered_display": "59", "missing_lines": 14, "excluded_lines": 0, "percent_statements_covered": 58.8235294117647, "percent_statements_covered_display": "59"}, "missing_lines": [18, 19, 23, 28, 33, 40, 41, 46, 51, 56, 61, 66, 71, 76], "excluded_lines": [], "functions": {"UsersStore.__init__": {"executed_lines": [], "summary": {"covered_lines": 0, "num_statements": 2, "percent_covered": 0.0, "percent_covered_display": "0", "missing_lines": 2, "excluded_lines": 0, "percent_statements_covered": 0.0, "percent_statements_covered_display": "0"}, "missing_lines": [18, 19], "excluded_lines": [], "start_line": 17}, "UsersStore.has_users": {"executed_lines": [], "summary": {"covered_lines": 0, "num_statements": 1, "percent_covered": 0.0, "percent_covered_display": "0", "missing_lines": 1, "excluded_lines": 0, "percent_statements_covered": 0.0, "percent_statements_covered_display": "0"}, "missing_lines": [23], "excluded_lines": [], "start_line": 21}, "UsersStore.create_user": {"executed_lines": [], "summary": {"covered_lines": 0, "num_statements": 1, "percent_covered": 0.0, "percent_covered_display": "0", "missing_lines": 1, "excluded_lines": 0, "percent_statements_covered": 0.0, "percent_statements_covered_display": "0"}, "missing_lines": [28], "excluded_lines": [], "start_line": 25}, "UsersStore.get_user": {"executed_lines": [], "summary": {"covered_lines": 0, "num_statements": 1, "percent_covered": 0.0, "percent_covered_display": "0", "missing_lines": 1, "excluded_lines": 0, "percent_statements_covered": 0.0, "percent_statements_covered_display": "0"}, "missing_lines": [33], "excluded_lines": [], "start_line": 30}, "AuditDB.__init__": {"executed_lines": [], "summary": {"covered_lines": 0, "num_statements": 2, "percent_covered": 0.0, "percent_covered_display": "0", "missing_lines": 2, "excluded_lines": 0, "percent_statements_covered": 0.0, "percent_statements_covered_display": "0"}, "missing_lines": [40, 41], "excluded_lines": [], "start_line": 39}, "AuditDB.validate_bootstrap_token": {"executed_lines": [], "summary": {"covered_lines": 0, "num_statements": 1, "percent_covered": 0.0, "percent_covered_display": "0", "missing_lines": 1, "excluded_lines": 0, "percent_statements_covered": 0.0, "percent_statements_covered_display": "0"}, "missing_lines": [46], "excluded_lines": [], "start_line": 43}, "AuditDB.mark_bootstrap_token_used": {"executed_lines": [], "summary": {"covered_lines": 0, "num_statements": 1, "percent_covered": 0.0, "percent_covered_display": "0", "missing_lines": 1, "excluded_lines": 0, "percent_statements_covered": 0.0, "percent_statements_covered_display": "0"}, "missing_lines": [51], "excluded_lines": [], "start_line": 48}, "AuditDB.record_failed_attempt": {"executed_lines": [], "summary": {"covered_lines": 0, "num_statements": 1, "percent_covered": 0.0, "percent_covered_display": "0", "missing_lines": 1, "excluded_lines": 0, "percent_statements_covered": 0.0, "percent_statements_covered_display": "0"}, "missing_lines": [56], "excluded_lines": [], "start_line": 53}, "AuditDB.reset_consecutive_failures": {"executed_lines": [], "summary": {"covered_lines": 0, "num_statements": 1, "percent_covered": 0.0, "percent_covered_display": "0", "missing_lines": 1, "excluded_lines": 0, "percent_statements_covered": 0.0, "percent_statements_covered_display": "0"}, "missing_lines": [61], "excluded_lines": [], "start_line": 58}, "AuditDB.get_rate_limit_info": {"executed_lines": [], "summary": {"covered_lines": 0, "num_statements": 1, "percent_covered": 0.0, "percent_covered_display": "0", "missing_lines": 1, "excluded_lines": 0, "percent_statements_covered": 0.0, "percent_statements_covered_display": "0"}, "missing_lines": [66], "excluded_lines": [], "start_line": 63}, "AuditDB.create_session": {"executed_lines": [], "summary": {"covered_lines": 0, "num_statements": 1, "percent_covered": 0.0, "percent_covered_display": "0", "missing_lines": 1, "excluded_lines": 0, "percent_statements_covered": 0.0, "percent_statements_covered_display": "0"}, "missing_lines": [71], "excluded_lines": [], "start_line": 68}, "AuditDB.delete_session": {"executed_lines": [], "summary": {"covered_lines": 0, "num_statements": 1, "percent_covered": 0.0, "percent_covered_display": "0", "missing_lines": 1, "excluded_lines": 0, "percent_statements_covered": 0.0, "percent_statements_covered_display": "0"}, "missing_lines": [76], "excluded_lines": [], "start_line": 73}, "": {"executed_lines": [6, 7, 8, 9, 10, 11, 14, 17, 21, 25, 30, 36, 39, 43, 48, 53, 58, 63, 68, 73], "summary": {"covered_lines": 20, "num_statements": 20, "percent_covered": 100.0, "percent_covered_display": "100", "missing_lines": 0, "excluded_lines": 0, "percent_statements_covered": 100.0, "percent_statements_covered_display": "100"}, "missing_lines": [], "excluded_lines": [], "start_line": 1}}, "classes": {"UsersStore": {"executed_lines": [], "summary": {"covered_lines": 0, "num_statements": 5, "percent_covered": 0.0, "percent_covered_display": "0", "missing_lines": 5, "excluded_lines": 0, "percent_statements_covered": 0.0, "percent_statements_covered_display": "0"}, "missing_lines": [18, 19, 23, 28, 33], "excluded_lines": [], "start_line": 14}, "AuditDB": {"executed_lines": [], "summary": {"covered_lines": 0, "num_statements": 9, "percent_covered": 0.0, "percent_covered_display": "0", "missing_lines": 9, "excluded_lines": 0, "percent_statements_covered": 0.0, "percent_statements_covered_display": "0"}, "missing_lines": [40, 41, 46, 51, 56, 61, 66, 71, 76], "excluded_lines": [], "start_line": 36}, "": {"executed_lines": [6, 7, 8, 9, 10, 11, 14, 17, 21, 25, 30, 36, 39, 43, 48, 53, 58, 63, 68, 73], "summary": {"covered_lines": 20, "num_statements": 20, "percent_covered": 100.0, "percent_covered_display": "100", "missing_lines": 0, "excluded_lines": 0, "percent_statements_covered": 100.0, "percent_statements_covered_display": "100"}, "missing_lines": [], "excluded_lines": [], "start_line": 1}}}, "app\\web\\routes\\messaging.py": {"executed_lines": [6, 8, 10, 19, 23, 26, 29, 32, 33, 35, 36, 38, 39, 45, 50, 51, 59, 60, 63, 65, 66, 72, 83, 93, 94, 96, 99, 100, 102, 103, 114, 115], "summary": {"covered_lines": 32, "num_statements": 38, "percent_covered": 84.21052631578948, "percent_covered_display": "84", "missing_lines": 6, "excluded_lines": 0, "percent_statements_covered": 84.21052631578948, "percent_statements_covered_display": "84"}, "missing_lines": [46, 47, 89, 90, 97, 113], "excluded_lines": [], "functions": {"set_dependencies": {"executed_lines": [29], "summary": {"covered_lines": 1, "num_statements": 1, "percent_covered": 100.0, "percent_covered_display": "100", "missing_lines": 0, "excluded_lines": 0, "percent_statements_covered": 100.0, "percent_statements_covered_display": "100"}, "missing_lines": [], "excluded_lines": [], "start_line": 26}, "send_message": {"executed_lines": [35, 36, 38, 39, 45], "summary": {"covered_lines": 5, "num_statements": 7, "percent_covered": 71.42857142857143, "percent_covered_display": "71", "missing_lines": 2, "excluded_lines": 0, "percent_statements_covered": 71.42857142857143, "percent_statements_covered_display": "71"}, "missing_lines": [46, 47], "excluded_lines": [], "start_line": 33}, "get_audit_log": {"executed_lines": [59, 60, 63, 65, 66, 72, 83], "summary": {"covered_lines": 7, "num_statements": 9, "percent_covered": 77.77777777777777, "percent_covered_display": "78", "missing_lines": 2, "excluded_lines": 0, "percent_statements_covered": 77.77777777777777, "percent_statements_covered_display": "78"}, "missing_lines": [89, 90], "excluded_lines": [], "start_line": 51}, "get_circuit_state": {"executed_lines": [96, 99, 100, 102, 103, 114, 115], "summary": {"covered_lines": 7, "num_statements": 9, "percent_covered": 77.77777777777777, "percent_covered_display": "78", "missing_lines": 2, "excluded_lines": 0, "percent_statements_covered": 77.77777777777777, "percent_statements_covered_display": "78"}, "missing_lines": [97, 113], "excluded_lines": [], "start_line": 94}, "": {"executed_lines": [6, 8, 10, 19, 23, 26, 32, 33, 50, 51, 93, 94], "summary": {"covered_lines": 12, "num_statements": 12, "percent_covered": 100.0, "percent_covered_display": "100", "missing_lines": 0, "excluded_lines": 0, "percent_statements_covered": 100.0, "percent_statements_covered_display": "100"}, "missing_lines": [], "excluded_lines": [], "start_line": 1}}, "classes": {"": {"executed_lines": [6, 8, 10, 19, 23, 26, 29, 32, 33, 35, 36, 38, 39, 45, 50, 51, 59, 60, 63, 65, 66, 72, 83, 93, 94, 96, 99, 100, 102, 103, 114, 115], "summary": {"covered_lines": 32, "num_statements": 38, "percent_covered": 84.21052631578948, "percent_covered_display": "84", "missing_lines": 6, "excluded_lines": 0, "percent_statements_covered": 84.21052631578948, "percent_statements_covered_display": "84"}, "missing_lines": [46, 47, 89, 90, 97, 113], "excluded_lines": [], "start_line": 1}}}, "app\\web\\routes\\options.py": {"executed_lines": [6, 9, 11, 15, 20], "summary": {"covered_lines": 5, "num_statements": 6, "percent_covered": 83.33333333333333, "percent_covered_display": "83", "missing_lines": 1, "excluded_lines": 0, "percent_statements_covered": 83.33333333333333, "percent_statements_covered_display": "83"}, "missing_lines": [23], "excluded_lines": [], "functions": {"set_options_dependencies": {"executed_lines": [], "summary": {"covered_lines": 0, "num_statements": 1, "percent_covered": 0.0, "percent_covered_display": "0", "missing_lines": 1, "excluded_lines": 0, "percent_statements_covered": 0.0, "percent_statements_covered_display": "0"}, "missing_lines": [23], "excluded_lines": [], "start_line": 20}, "": {"executed_lines": [6, 9, 11, 15, 20], "summary": {"covered_lines": 5, "num_statements": 5, "percent_covered": 100.0, "percent_covered_display": "100", "missing_lines": 0, "excluded_lines": 0, "percent_statements_covered": 100.0, "percent_statements_covered_display": "100"}, "missing_lines": [], "excluded_lines": [], "start_line": 1}}, "classes": {"": {"executed_lines": [6, 9, 11, 15, 20], "summary": {"covered_lines": 5, "num_statements": 6, "percent_covered": 83.33333333333333, "percent_covered_display": "83", "missing_lines": 1, "excluded_lines": 0, "percent_statements_covered": 83.33333333333333, "percent_statements_covered_display": "83"}, "missing_lines": [23], "excluded_lines": [], "start_line": 1}}}, "app\\web\\routes\\orchestrator.py": {"executed_lines": [6, 7, 8, 9, 11, 12, 14, 24, 28, 29, 30, 31, 34, 42, 43, 44, 45, 48, 49, 55, 64, 65, 67, 69, 70, 71, 72, 75, 76, 77, 80, 84, 89, 90, 95, 98, 99, 107, 108, 118, 121, 122, 124, 125, 136, 137, 164, 165, 177, 178, 200, 204, 207, 215, 226, 234, 235, 240, 241, 242], "summary": {"covered_lines": 60, "num_statements": 87, "percent_covered": 68.96551724137932, "percent_covered_display": "69", "missing_lines": 27, "excluded_lines": 0, "percent_statements_covered": 68.96551724137932, "percent_statements_covered_display": "69"}, "missing_lines": [56, 57, 92, 103, 104, 127, 128, 142, 143, 146, 148, 151, 158, 179, 180, 183, 184, 187, 194, 201, 248, 249, 252, 253, 259, 260, 261], "excluded_lines": [], "functions": {"set_dependencies": {"executed_lines": [42, 43, 44, 45], "summary": {"covered_lines": 4, "num_statements": 4, "percent_covered": 100.0, "percent_covered_display": "100", "missing_lines": 0, "excluded_lines": 0, "percent_statements_covered": 100.0, "percent_statements_covered_display": "100"}, "missing_lines": [], "excluded_lines": [], "start_line": 34}, "post_message": {"executed_lines": [55, 64, 65, 67, 69, 70, 71, 72, 75, 76, 77, 80, 84, 89, 90, 95, 98, 99, 107, 108, 118], "summary": {"covered_lines": 21, "num_statements": 26, "percent_covered": 80.76923076923077, "percent_covered_display": "81", "missing_lines": 5, "excluded_lines": 0, "percent_statements_covered": 80.76923076923077, "percent_statements_covered_display": "81"}, "missing_lines": [56, 57, 92, 103, 104], "excluded_lines": [], "start_line": 49}, "get_status": {"executed_lines": [124, 125], "summary": {"covered_lines": 2, "num_statements": 4, "percent_covered": 50.0, "percent_covered_display": "50", "missing_lines": 2, "excluded_lines": 0, "percent_statements_covered": 50.0, "percent_statements_covered_display": "50"}, "missing_lines": [127, 128], "excluded_lines": [], "start_line": 122}, "orchestrator_stream": {"executed_lines": [], "summary": {"covered_lines": 0, "num_statements": 5, "percent_covered": 0.0, "percent_covered_display": "0", "missing_lines": 5, "excluded_lines": 0, "percent_statements_covered": 0.0, "percent_statements_covered_display": "0"}, "missing_lines": [142, 143, 146, 151, 158], "excluded_lines": [], "start_line": 137}, "orchestrator_stream.auth_validator": {"executed_lines": [], "summary": {"covered_lines": 0, "num_statements": 1, "percent_covered": 0.0, "percent_covered_display": "0", "missing_lines": 1, "excluded_lines": 0, "percent_statements_covered": 0.0, "percent_statements_covered_display": "0"}, "missing_lines": [148], "excluded_lines": [], "start_line": 146}, "get_task_events": {"executed_lines": [177, 178, 200, 204, 207, 215, 226], "summary": {"covered_lines": 7, "num_statements": 13, "percent_covered": 53.84615384615385, "percent_covered_display": "54", "missing_lines": 6, "excluded_lines": 0, "percent_statements_covered": 53.84615384615385, "percent_statements_covered_display": "54"}, "missing_lines": [179, 180, 183, 187, 194, 201], "excluded_lines": [], "start_line": 165}, "get_task_events.auth_validator": {"executed_lines": [], "summary": {"covered_lines": 0, "num_statements": 1, "percent_covered": 0.0, "percent_covered_display": "0", "missing_lines": 1, "excluded_lines": 0, "percent_statements_covered": 0.0, "percent_statements_covered_display": "0"}, "missing_lines": [184], "excluded_lines": [], "start_line": 183}, "memory_endpoint": {"executed_lines": [240, 241, 242], "summary": {"covered_lines": 3, "num_statements": 10, "percent_covered": 30.0, "percent_covered_display": "30", "missing_lines": 7, "excluded_lines": 0, "percent_statements_covered": 30.0, "percent_statements_covered_display": "30"}, "missing_lines": [248, 249, 252, 253, 259, 260, 261], "excluded_lines": [], "start_line": 235}, "": {"executed_lines": [6, 7, 8, 9, 11, 12, 14, 24, 28, 29, 30, 31, 34, 48, 49, 121, 122, 136, 137, 164, 165, 234, 235], "summary": {"covered_lines": 23, "num_statements": 23, "percent_covered": 100.0, "percent_covered_display": "100", "missing_lines": 0, "excluded_lines": 0, "percent_statements_covered": 100.0, "percent_statements_covered_display": "100"}, "missing_lines": [], "excluded_lines": [], "start_line": 1}}, "classes": {"": {"executed_lines": [6, 7, 8, 9, 11, 12, 14, 24, 28, 29, 30, 31, 34, 42, 43, 44, 45, 48, 49, 55, 64, 65, 67, 69, 70, 71, 72, 75, 76, 77, 80, 84, 89, 90, 95, 98, 99, 107, 108, 118, 121, 122, 124, 125, 136, 137, 164, 165, 177, 178, 200, 204, 207, 215, 226, 234, 235, 240, 241, 242], "summary": {"covered_lines": 60, "num_statements": 87, "percent_covered": 68.96551724137932, "percent_covered_display": "69", "missing_lines": 27, "excluded_lines": 0, "percent_statements_covered": 68.96551724137932, "percent_statements_covered_display": "69"}, "missing_lines": [56, 57, 92, 103, 104, 127, 128, 142, 143, 146, 148, 151, 158, 179, 180, 183, 184, 187, 194, 201, 248, 249, 252, 253, 259, 260, 261], "excluded_lines": [], "start_line": 1}}}, "app\\web\\routes\\trace.py": {"executed_lines": [6, 8, 10, 11, 14, 18, 19, 20, 23, 26, 27, 28, 31, 32, 34, 35, 37, 40, 41, 43, 46, 47, 48, 53, 54, 56, 59, 62, 63, 65, 68, 69, 70, 75, 76, 78, 81, 82, 83, 88, 89, 91, 94, 95, 96], "summary": {"covered_lines": 45, "num_statements": 58, "percent_covered": 77.58620689655173, "percent_covered_display": "78", "missing_lines": 13, "excluded_lines": 0, "percent_statements_covered": 77.58620689655173, "percent_statements_covered_display": "78"}, "missing_lines": [44, 49, 50, 57, 66, 71, 72, 79, 84, 85, 92, 97, 98], "excluded_lines": [], "functions": {"set_dependencies": {"executed_lines": [26, 27, 28], "summary": {"covered_lines": 3, "num_statements": 3, "percent_covered": 100.0, "percent_covered_display": "100", "missing_lines": 0, "excluded_lines": 0, "percent_statements_covered": 100.0, "percent_statements_covered_display": "100"}, "missing_lines": [], "excluded_lines": [], "start_line": 23}, "stream_execution_trace": {"executed_lines": [34, 35, 37], "summary": {"covered_lines": 3, "num_statements": 3, "percent_covered": 100.0, "percent_covered_display": "100", "missing_lines": 0, "excluded_lines": 0, "percent_statements_covered": 100.0, "percent_statements_covered_display": "100"}, "missing_lines": [], "excluded_lines": [], "start_line": 32}, "get_trace_events": {"executed_lines": [43, 46, 47, 48], "summary": {"covered_lines": 4, "num_statements": 7, "percent_covered": 57.142857142857146, "percent_covered_display": "57", "missing_lines": 3, "excluded_lines": 0, "percent_statements_covered": 57.142857142857146, "percent_statements_covered_display": "57"}, "missing_lines": [44, 49, 50], "excluded_lines": [], "start_line": 41}, "stream_lifecycle_events": {"executed_lines": [56, 59], "summary": {"covered_lines": 2, "num_statements": 3, "percent_covered": 66.66666666666667, "percent_covered_display": "67", "missing_lines": 1, "excluded_lines": 0, "percent_statements_covered": 66.66666666666667, "percent_statements_covered_display": "67"}, "missing_lines": [57], "excluded_lines": [], "start_line": 54}, "get_lifecycle_events": {"executed_lines": [65, 68, 69, 70], "summary": {"covered_lines": 4, "num_statements": 7, "percent_covered": 57.142857142857146, "percent_covered_display": "57", "missing_lines": 3, "excluded_lines": 0, "percent_statements_covered": 57.142857142857146, "percent_statements_covered_display": "57"}, "missing_lines": [66, 71, 72], "excluded_lines": [], "start_line": 63}, "publish_trace_event": {"executed_lines": [78, 81, 82, 83], "summary": {"covered_lines": 4, "num_statements": 7, "percent_covered": 57.142857142857146, "percent_covered_display": "57", "missing_lines": 3, "excluded_lines": 0, "percent_statements_covered": 57.142857142857146, "percent_statements_covered_display": "57"}, "missing_lines": [79, 84, 85], "excluded_lines": [], "start_line": 76}, "publish_lifecycle_event": {"executed_lines": [91, 94, 95, 96], "summary": {"covered_lines": 4, "num_statements": 7, "percent_covered": 57.142857142857146, "percent_covered_display": "57", "missing_lines": 3, "excluded_lines": 0, "percent_statements_covered": 57.142857142857146, "percent_statements_covered_display": "57"}, "missing_lines": [92, 97, 98], "excluded_lines": [], "start_line": 89}, "": {"executed_lines": [6, 8, 10, 11, 14, 18, 19, 20, 23, 31, 32, 40, 41, 53, 54, 62, 63, 75, 76, 88, 89], "summary": {"covered_lines": 21, "num_statements": 21, "percent_covered": 100.0, "percent_covered_display": "100", "missing_lines": 0, "excluded_lines": 0, "percent_statements_covered": 100.0, "percent_statements_covered_display": "100"}, "missing_lines": [], "excluded_lines": [], "start_line": 1}}, "classes": {"": {"executed_lines": [6, 8, 10, 11, 14, 18, 19, 20, 23, 26, 27, 28, 31, 32, 34, 35, 37, 40, 41, 43, 46, 47, 48, 53, 54, 56, 59, 62, 63, 65, 68, 69, 70, 75, 76, 78, 81, 82, 83, 88, 89, 91, 94, 95, 96], "summary": {"covered_lines": 45, "num_statements": 58, "percent_covered": 77.58620689655173, "percent_covered_display": "78", "missing_lines": 13, "excluded_lines": 0, "percent_statements_covered": 77.58620689655173, "percent_statements_covered_display": "78"}, "missing_lines": [44, 49, 50, 57, 66, 71, 72, 79, 84, 85, 92, 97, 98], "excluded_lines": [], "start_line": 1}}}, "app\\web\\schemas.py": {"executed_lines": [1, 3, 8, 11, 13, 14, 15, 16, 17, 18, 19, 22, 24, 25, 26, 29, 31, 32, 33, 34, 37, 39, 40, 41, 42, 43, 46, 48, 49, 50, 53, 55, 56, 57, 58, 61, 63, 64, 65, 66, 67, 70, 72, 73, 74, 75, 76, 79, 81, 82, 83, 84, 85, 86, 87, 88, 91, 93, 94, 95, 96, 97, 98, 99, 100, 101, 102, 105, 107, 108, 111, 113, 116, 118, 119, 122, 124, 125, 126, 129, 131, 132, 133, 136, 138, 141, 143, 144, 145, 148, 150, 153, 155, 156, 157, 160, 162, 163, 164, 165, 166, 169, 171, 172, 173, 174, 177, 179, 182, 184, 187, 189, 190, 191, 192, 195, 197, 198, 199, 200, 203, 205, 206, 209, 211, 214, 216, 219, 221, 222, 225, 227, 233, 234, 235, 236, 237, 238, 241, 242, 243, 246, 247, 248, 249, 250, 253, 254, 257, 258, 259, 260, 261, 264, 265, 266, 267, 270, 271, 272, 273, 276, 277, 278, 281, 282, 283, 286, 287, 288, 291, 292, 295, 296, 297, 298, 299, 300, 303, 304, 305, 306, 307, 310, 311, 312, 313, 314, 317, 318, 319, 320, 321, 322, 325, 326, 327, 330, 331, 332, 333, 334, 335, 338, 339, 340, 341, 342, 343, 346, 347, 348, 349, 350, 353, 354, 355, 356, 357, 358, 361, 362, 363, 364, 365, 368, 369, 370, 371, 372, 373, 376, 377, 378, 379, 380, 381, 384, 385, 386, 387, 388, 391, 392, 393, 394, 397, 398, 399, 400, 403, 404, 405, 406, 407, 408, 409, 410, 413, 414, 415, 416, 417, 420, 421, 422, 423, 426, 427, 428, 431, 432, 433, 434, 435, 436, 439, 440, 441, 442, 443, 446, 447, 448, 449, 450, 453, 454, 455, 456, 457, 460, 461, 462, 463, 464, 467, 468, 469, 470, 471, 472, 475, 476, 477, 478, 479], "summary": {"covered_lines": 307, "num_statements": 307, "percent_covered": 100.0, "percent_covered_display": "100", "missing_lines": 0, "excluded_lines": 2, "percent_statements_covered": 100.0, "percent_statements_covered_display": "100"}, "missing_lines": [], "excluded_lines": [5, 6], "functions": {"": {"executed_lines": [1, 3, 8, 11, 13, 14, 15, 16, 17, 18, 19, 22, 24, 25, 26, 29, 31, 32, 33, 34, 37, 39, 40, 41, 42, 43, 46, 48, 49, 50, 53, 55, 56, 57, 58, 61, 63, 64, 65, 66, 67, 70, 72, 73, 74, 75, 76, 79, 81, 82, 83, 84, 85, 86, 87, 88, 91, 93, 94, 95, 96, 97, 98, 99, 100, 101, 102, 105, 107, 108, 111, 113, 116, 118, 119, 122, 124, 125, 126, 129, 131, 132, 133, 136, 138, 141, 143, 144, 145, 148, 150, 153, 155, 156, 157, 160, 162, 163, 164, 165, 166, 169, 171, 172, 173, 174, 177, 179, 182, 184, 187, 189, 190, 191, 192, 195, 197, 198, 199, 200, 203, 205, 206, 209, 211, 214, 216, 219, 221, 222, 225, 227, 233, 234, 235, 236, 237, 238, 241, 242, 243, 246, 247, 248, 249, 250, 253, 254, 257, 258, 259, 260, 261, 264, 265, 266, 267, 270, 271, 272, 273, 276, 277, 278, 281, 282, 283, 286, 287, 288, 291, 292, 295, 296, 297, 298, 299, 300, 303, 304, 305, 306, 307, 310, 311, 312, 313, 314, 317, 318, 319, 320, 321, 322, 325, 326, 327, 330, 331, 332, 333, 334, 335, 338, 339, 340, 341, 342, 343, 346, 347, 348, 349, 350, 353, 354, 355, 356, 357, 358, 361, 362, 363, 364, 365, 368, 369, 370, 371, 372, 373, 376, 377, 378, 379, 380, 381, 384, 385, 386, 387, 388, 391, 392, 393, 394, 397, 398, 399, 400, 403, 404, 405, 406, 407, 408, 409, 410, 413, 414, 415, 416, 417, 420, 421, 422, 423, 426, 427, 428, 431, 432, 433, 434, 435, 436, 439, 440, 441, 442, 443, 446, 447, 448, 449, 450, 453, 454, 455, 456, 457, 460, 461, 462, 463, 464, 467, 468, 469, 470, 471, 472, 475, 476, 477, 478, 479], "summary": {"covered_lines": 307, "num_statements": 307, "percent_covered": 100.0, "percent_covered_display": "100", "missing_lines": 0, "excluded_lines": 2, "percent_statements_covered": 100.0, "percent_statements_covered_display": "100"}, "missing_lines": [], "excluded_lines": [5, 6], "start_line": 1}}, "classes": {"CapabilityResponseDTO": {"executed_lines": [], "summary": {"covered_lines": 0, "num_statements": 0, "percent_covered": 100.0, "percent_covered_display": "100", "missing_lines": 0, "excluded_lines": 0, "percent_statements_covered": 100.0, "percent_statements_covered_display": "100"}, "missing_lines": [], "excluded_lines": [], "start_line": 11}, "TaskSubmitDTO": {"executed_lines": [], "summary": {"covered_lines": 0, "num_statements": 0, "percent_covered": 100.0, "percent_covered_display": "100", "missing_lines": 0, "excluded_lines": 0, "percent_statements_covered": 100.0, "percent_statements_covered_display": "100"}, "missing_lines": [], "excluded_lines": [], "start_line": 22}, "TaskResponseDTO": {"executed_lines": [], "summary": {"covered_lines": 0, "num_statements": 0, "percent_covered": 100.0, "percent_covered_display": "100", "missing_lines": 0, "excluded_lines": 0, "percent_statements_covered": 100.0, "percent_statements_covered_display": "100"}, "missing_lines": [], "excluded_lines": [], "start_line": 29}, "TraceEventDTO": {"executed_lines": [], "summary": {"covered_lines": 0, "num_statements": 0, "percent_covered": 100.0, "percent_covered_display": "100", "missing_lines": 0, "excluded_lines": 0, "percent_statements_covered": 100.0, "percent_statements_covered_display": "100"}, "missing_lines": [], "excluded_lines": [], "start_line": 37}, "DatabaseResponseDTO": {"executed_lines": [], "summary": {"covered_lines": 0, "num_statements": 0, "percent_covered": 100.0, "percent_covered_display": "100", "missing_lines": 0, "excluded_lines": 0, "percent_statements_covered": 100.0, "percent_statements_covered_display": "100"}, "missing_lines": [], "excluded_lines": [], "start_line": 46}, "ServiceResponseDTO": {"executed_lines": [], "summary": {"covered_lines": 0, "num_statements": 0, "percent_covered": 100.0, "percent_covered_display": "100", "missing_lines": 0, "excluded_lines": 0, "percent_statements_covered": 100.0, "percent_statements_covered_display": "100"}, "missing_lines": [], "excluded_lines": [], "start_line": 53}, "DiskUsageDTO": {"executed_lines": [], "summary": {"covered_lines": 0, "num_statements": 0, "percent_covered": 100.0, "percent_covered_display": "100", "missing_lines": 0, "excluded_lines": 0, "percent_statements_covered": 100.0, "percent_statements_covered_display": "100"}, "missing_lines": [], "excluded_lines": [], "start_line": 61}, "GpuInfoDTO": {"executed_lines": [], "summary": {"covered_lines": 0, "num_statements": 0, "percent_covered": 100.0, "percent_covered_display": "100", "missing_lines": 0, "excluded_lines": 0, "percent_statements_covered": 100.0, "percent_statements_covered_display": "100"}, "missing_lines": [], "excluded_lines": [], "start_line": 70}, "HardwareSnapshotDTO": {"executed_lines": [], "summary": {"covered_lines": 0, "num_statements": 0, "percent_covered": 100.0, "percent_covered_display": "100", "missing_lines": 0, "excluded_lines": 0, "percent_statements_covered": 100.0, "percent_statements_covered_display": "100"}, "missing_lines": [], "excluded_lines": [], "start_line": 79}, "ModelEntryDTO": {"executed_lines": [], "summary": {"covered_lines": 0, "num_statements": 0, "percent_covered": 100.0, "percent_covered_display": "100", "missing_lines": 0, "excluded_lines": 0, "percent_statements_covered": 100.0, "percent_statements_covered_display": "100"}, "missing_lines": [], "excluded_lines": [], "start_line": 91}, "FirstRunStatusDTO": {"executed_lines": [], "summary": {"covered_lines": 0, "num_statements": 0, "percent_covered": 100.0, "percent_covered_display": "100", "missing_lines": 0, "excluded_lines": 0, "percent_statements_covered": 100.0, "percent_statements_covered_display": "100"}, "missing_lines": [], "excluded_lines": [], "start_line": 105}, "SkillListDTO": {"executed_lines": [], "summary": {"covered_lines": 0, "num_statements": 0, "percent_covered": 100.0, "percent_covered_display": "100", "missing_lines": 0, "excluded_lines": 0, "percent_statements_covered": 100.0, "percent_statements_covered_display": "100"}, "missing_lines": [], "excluded_lines": [], "start_line": 111}, "SkillExecuteDTO": {"executed_lines": [], "summary": {"covered_lines": 0, "num_statements": 0, "percent_covered": 100.0, "percent_covered_display": "100", "missing_lines": 0, "excluded_lines": 0, "percent_statements_covered": 100.0, "percent_statements_covered_display": "100"}, "missing_lines": [], "excluded_lines": [], "start_line": 116}, "SkillResultDTO": {"executed_lines": [], "summary": {"covered_lines": 0, "num_statements": 0, "percent_covered": 100.0, "percent_covered_display": "100", "missing_lines": 0, "excluded_lines": 0, "percent_statements_covered": 100.0, "percent_statements_covered_display": "100"}, "missing_lines": [], "excluded_lines": [], "start_line": 122}, "EventTypeDTO": {"executed_lines": [], "summary": {"covered_lines": 0, "num_statements": 0, "percent_covered": 100.0, "percent_covered_display": "100", "missing_lines": 0, "excluded_lines": 0, "percent_statements_covered": 100.0, "percent_statements_covered_display": "100"}, "missing_lines": [], "excluded_lines": [], "start_line": 129}, "EventTypeListDTO": {"executed_lines": [], "summary": {"covered_lines": 0, "num_statements": 0, "percent_covered": 100.0, "percent_covered_display": "100", "missing_lines": 0, "excluded_lines": 0, "percent_statements_covered": 100.0, "percent_statements_covered_display": "100"}, "missing_lines": [], "excluded_lines": [], "start_line": 136}, "SubscriptionDTO": {"executed_lines": [], "summary": {"covered_lines": 0, "num_statements": 0, "percent_covered": 100.0, "percent_covered_display": "100", "missing_lines": 0, "excluded_lines": 0, "percent_statements_covered": 100.0, "percent_statements_covered_display": "100"}, "missing_lines": [], "excluded_lines": [], "start_line": 141}, "SubscriptionListDTO": {"executed_lines": [], "summary": {"covered_lines": 0, "num_statements": 0, "percent_covered": 100.0, "percent_covered_display": "100", "missing_lines": 0, "excluded_lines": 0, "percent_statements_covered": 100.0, "percent_statements_covered_display": "100"}, "missing_lines": [], "excluded_lines": [], "start_line": 148}, "AgentTaskSubmitDTO": {"executed_lines": [], "summary": {"covered_lines": 0, "num_statements": 0, "percent_covered": 100.0, "percent_covered_display": "100", "missing_lines": 0, "excluded_lines": 0, "percent_statements_covered": 100.0, "percent_statements_covered_display": "100"}, "missing_lines": [], "excluded_lines": [], "start_line": 153}, "AgentTaskResponseDTO": {"executed_lines": [], "summary": {"covered_lines": 0, "num_statements": 0, "percent_covered": 100.0, "percent_covered_display": "100", "missing_lines": 0, "excluded_lines": 0, "percent_statements_covered": 100.0, "percent_statements_covered_display": "100"}, "missing_lines": [], "excluded_lines": [], "start_line": 160}, "AgentStepDTO": {"executed_lines": [], "summary": {"covered_lines": 0, "num_statements": 0, "percent_covered": 100.0, "percent_covered_display": "100", "missing_lines": 0, "excluded_lines": 0, "percent_statements_covered": 100.0, "percent_statements_covered_display": "100"}, "missing_lines": [], "excluded_lines": [], "start_line": 169}, "DepartmentListDTO": {"executed_lines": [], "summary": {"covered_lines": 0, "num_statements": 0, "percent_covered": 100.0, "percent_covered_display": "100", "missing_lines": 0, "excluded_lines": 0, "percent_statements_covered": 100.0, "percent_statements_covered_display": "100"}, "missing_lines": [], "excluded_lines": [], "start_line": 177}, "DepartmentTaskSubmitDTO": {"executed_lines": [], "summary": {"covered_lines": 0, "num_statements": 0, "percent_covered": 100.0, "percent_covered_display": "100", "missing_lines": 0, "excluded_lines": 0, "percent_statements_covered": 100.0, "percent_statements_covered_display": "100"}, "missing_lines": [], "excluded_lines": [], "start_line": 182}, "DepartmentTaskResponseDTO": {"executed_lines": [], "summary": {"covered_lines": 0, "num_statements": 0, "percent_covered": 100.0, "percent_covered_display": "100", "missing_lines": 0, "excluded_lines": 0, "percent_statements_covered": 100.0, "percent_statements_covered_display": "100"}, "missing_lines": [], "excluded_lines": [], "start_line": 187}, "SymbolMapResponseDTO": {"executed_lines": [], "summary": {"covered_lines": 0, "num_statements": 0, "percent_covered": 100.0, "percent_covered_display": "100", "missing_lines": 0, "excluded_lines": 0, "percent_statements_covered": 100.0, "percent_statements_covered_display": "100"}, "missing_lines": [], "excluded_lines": [], "start_line": 195}, "OptionsGetResponseDTO": {"executed_lines": [], "summary": {"covered_lines": 0, "num_statements": 0, "percent_covered": 100.0, "percent_covered_display": "100", "missing_lines": 0, "excluded_lines": 0, "percent_statements_covered": 100.0, "percent_statements_covered_display": "100"}, "missing_lines": [], "excluded_lines": [], "start_line": 203}, "OptionsListResponseDTO": {"executed_lines": [], "summary": {"covered_lines": 0, "num_statements": 0, "percent_covered": 100.0, "percent_covered_display": "100", "missing_lines": 0, "excluded_lines": 0, "percent_statements_covered": 100.0, "percent_statements_covered_display": "100"}, "missing_lines": [], "excluded_lines": [], "start_line": 209}, "OptionsSetRequestDTO": {"executed_lines": [], "summary": {"covered_lines": 0, "num_statements": 0, "percent_covered": 100.0, "percent_covered_display": "100", "missing_lines": 0, "excluded_lines": 0, "percent_statements_covered": 100.0, "percent_statements_covered_display": "100"}, "missing_lines": [], "excluded_lines": [], "start_line": 214}, "OptionsSetResponseDTO": {"executed_lines": [], "summary": {"covered_lines": 0, "num_statements": 0, "percent_covered": 100.0, "percent_covered_display": "100", "missing_lines": 0, "excluded_lines": 0, "percent_statements_covered": 100.0, "percent_statements_covered_display": "100"}, "missing_lines": [], "excluded_lines": [], "start_line": 219}, "OptionsDeleteResponseDTO": {"executed_lines": [], "summary": {"covered_lines": 0, "num_statements": 0, "percent_covered": 100.0, "percent_covered_display": "100", "missing_lines": 0, "excluded_lines": 0, "percent_statements_covered": 100.0, "percent_statements_covered_display": "100"}, "missing_lines": [], "excluded_lines": [], "start_line": 225}, "OrchestratorResponse": {"executed_lines": [], "summary": {"covered_lines": 0, "num_statements": 0, "percent_covered": 100.0, "percent_covered_display": "100", "missing_lines": 0, "excluded_lines": 0, "percent_statements_covered": 100.0, "percent_statements_covered_display": "100"}, "missing_lines": [], "excluded_lines": [], "start_line": 233}, "MessageRequest": {"executed_lines": [], "summary": {"covered_lines": 0, "num_statements": 0, "percent_covered": 100.0, "percent_covered_display": "100", "missing_lines": 0, "excluded_lines": 0, "percent_statements_covered": 100.0, "percent_statements_covered_display": "100"}, "missing_lines": [], "excluded_lines": [], "start_line": 241}, "CircuitState": {"executed_lines": [], "summary": {"covered_lines": 0, "num_statements": 0, "percent_covered": 100.0, "percent_covered_display": "100", "missing_lines": 0, "excluded_lines": 0, "percent_statements_covered": 100.0, "percent_statements_covered_display": "100"}, "missing_lines": [], "excluded_lines": [], "start_line": 246}, "CircuitStateList": {"executed_lines": [], "summary": {"covered_lines": 0, "num_statements": 0, "percent_covered": 100.0, "percent_covered_display": "100", "missing_lines": 0, "excluded_lines": 0, "percent_statements_covered": 100.0, "percent_statements_covered_display": "100"}, "missing_lines": [], "excluded_lines": [], "start_line": 253}, "SubsystemHealth": {"executed_lines": [], "summary": {"covered_lines": 0, "num_statements": 0, "percent_covered": 100.0, "percent_covered_display": "100", "missing_lines": 0, "excluded_lines": 0, "percent_statements_covered": 100.0, "percent_statements_covered_display": "100"}, "missing_lines": [], "excluded_lines": [], "start_line": 257}, "HealthSnapshot": {"executed_lines": [], "summary": {"covered_lines": 0, "num_statements": 0, "percent_covered": 100.0, "percent_covered_display": "100", "missing_lines": 0, "excluded_lines": 0, "percent_statements_covered": 100.0, "percent_statements_covered_display": "100"}, "missing_lines": [], "excluded_lines": [], "start_line": 264}, "LoginRequest": {"executed_lines": [], "summary": {"covered_lines": 0, "num_statements": 0, "percent_covered": 100.0, "percent_covered_display": "100", "missing_lines": 0, "excluded_lines": 0, "percent_statements_covered": 100.0, "percent_statements_covered_display": "100"}, "missing_lines": [], "excluded_lines": [], "start_line": 270}, "LoginResponse": {"executed_lines": [], "summary": {"covered_lines": 0, "num_statements": 0, "percent_covered": 100.0, "percent_covered_display": "100", "missing_lines": 0, "excluded_lines": 0, "percent_statements_covered": 100.0, "percent_statements_covered_display": "100"}, "missing_lines": [], "excluded_lines": [], "start_line": 276}, "OptionsUpdate": {"executed_lines": [], "summary": {"covered_lines": 0, "num_statements": 0, "percent_covered": 100.0, "percent_covered_display": "100", "missing_lines": 0, "excluded_lines": 0, "percent_statements_covered": 100.0, "percent_statements_covered_display": "100"}, "missing_lines": [], "excluded_lines": [], "start_line": 281}, "ModelQuery": {"executed_lines": [], "summary": {"covered_lines": 0, "num_statements": 0, "percent_covered": 100.0, "percent_covered_display": "100", "missing_lines": 0, "excluded_lines": 0, "percent_statements_covered": 100.0, "percent_statements_covered_display": "100"}, "missing_lines": [], "excluded_lines": [], "start_line": 286}, "SyncTrigger": {"executed_lines": [], "summary": {"covered_lines": 0, "num_statements": 0, "percent_covered": 100.0, "percent_covered_display": "100", "missing_lines": 0, "excluded_lines": 0, "percent_statements_covered": 100.0, "percent_statements_covered_display": "100"}, "missing_lines": [], "excluded_lines": [], "start_line": 291}, "TraceEvent": {"executed_lines": [], "summary": {"covered_lines": 0, "num_statements": 0, "percent_covered": 100.0, "percent_covered_display": "100", "missing_lines": 0, "excluded_lines": 0, "percent_statements_covered": 100.0, "percent_statements_covered_display": "100"}, "missing_lines": [], "excluded_lines": [], "start_line": 295}, "GraphNodeDTO": {"executed_lines": [], "summary": {"covered_lines": 0, "num_statements": 0, "percent_covered": 100.0, "percent_covered_display": "100", "missing_lines": 0, "excluded_lines": 0, "percent_statements_covered": 100.0, "percent_statements_covered_display": "100"}, "missing_lines": [], "excluded_lines": [], "start_line": 303}, "GraphEdgeDTO": {"executed_lines": [], "summary": {"covered_lines": 0, "num_statements": 0, "percent_covered": 100.0, "percent_covered_display": "100", "missing_lines": 0, "excluded_lines": 0, "percent_statements_covered": 100.0, "percent_statements_covered_display": "100"}, "missing_lines": [], "excluded_lines": [], "start_line": 310}, "GraphQueryRequest": {"executed_lines": [], "summary": {"covered_lines": 0, "num_statements": 0, "percent_covered": 100.0, "percent_covered_display": "100", "missing_lines": 0, "excluded_lines": 0, "percent_statements_covered": 100.0, "percent_statements_covered_display": "100"}, "missing_lines": [], "excluded_lines": [], "start_line": 317}, "GraphQueryResponse": {"executed_lines": [], "summary": {"covered_lines": 0, "num_statements": 0, "percent_covered": 100.0, "percent_covered_display": "100", "missing_lines": 0, "excluded_lines": 0, "percent_statements_covered": 100.0, "percent_statements_covered_display": "100"}, "missing_lines": [], "excluded_lines": [], "start_line": 325}, "EpisodicEventDTO": {"executed_lines": [], "summary": {"covered_lines": 0, "num_statements": 0, "percent_covered": 100.0, "percent_covered_display": "100", "missing_lines": 0, "excluded_lines": 0, "percent_statements_covered": 100.0, "percent_statements_covered_display": "100"}, "missing_lines": [], "excluded_lines": [], "start_line": 330}, "EpisodicQueryRequest": {"executed_lines": [], "summary": {"covered_lines": 0, "num_statements": 0, "percent_covered": 100.0, "percent_covered_display": "100", "missing_lines": 0, "excluded_lines": 0, "percent_statements_covered": 100.0, "percent_statements_covered_display": "100"}, "missing_lines": [], "excluded_lines": [], "start_line": 338}, "EpisodicQueryResponse": {"executed_lines": [], "summary": {"covered_lines": 0, "num_statements": 0, "percent_covered": 100.0, "percent_covered_display": "100", "missing_lines": 0, "excluded_lines": 0, "percent_statements_covered": 100.0, "percent_statements_covered_display": "100"}, "missing_lines": [], "excluded_lines": [], "start_line": 346}, "TaskEventDTO": {"executed_lines": [], "summary": {"covered_lines": 0, "num_statements": 0, "percent_covered": 100.0, "percent_covered_display": "100", "missing_lines": 0, "excluded_lines": 0, "percent_statements_covered": 100.0, "percent_statements_covered_display": "100"}, "missing_lines": [], "excluded_lines": [], "start_line": 353}, "TaskListResponse": {"executed_lines": [], "summary": {"covered_lines": 0, "num_statements": 0, "percent_covered": 100.0, "percent_covered_display": "100", "missing_lines": 0, "excluded_lines": 0, "percent_statements_covered": 100.0, "percent_statements_covered_display": "100"}, "missing_lines": [], "excluded_lines": [], "start_line": 361}, "LifecycleEventDTO": {"executed_lines": [], "summary": {"covered_lines": 0, "num_statements": 0, "percent_covered": 100.0, "percent_covered_display": "100", "missing_lines": 0, "excluded_lines": 0, "percent_statements_covered": 100.0, "percent_statements_covered_display": "100"}, "missing_lines": [], "excluded_lines": [], "start_line": 368}, "TraceLogRequest": {"executed_lines": [], "summary": {"covered_lines": 0, "num_statements": 0, "percent_covered": 100.0, "percent_covered_display": "100", "missing_lines": 0, "excluded_lines": 0, "percent_statements_covered": 100.0, "percent_statements_covered_display": "100"}, "missing_lines": [], "excluded_lines": [], "start_line": 376}, "TraceLogResponse": {"executed_lines": [], "summary": {"covered_lines": 0, "num_statements": 0, "percent_covered": 100.0, "percent_covered_display": "100", "missing_lines": 0, "excluded_lines": 0, "percent_statements_covered": 100.0, "percent_statements_covered_display": "100"}, "missing_lines": [], "excluded_lines": [], "start_line": 384}, "LifecycleReadyResponse": {"executed_lines": [], "summary": {"covered_lines": 0, "num_statements": 0, "percent_covered": 100.0, "percent_covered_display": "100", "missing_lines": 0, "excluded_lines": 0, "percent_statements_covered": 100.0, "percent_statements_covered_display": "100"}, "missing_lines": [], "excluded_lines": [], "start_line": 391}, "MemoryNotReadyResponse": {"executed_lines": [], "summary": {"covered_lines": 0, "num_statements": 0, "percent_covered": 100.0, "percent_covered_display": "100", "missing_lines": 0, "excluded_lines": 0, "percent_statements_covered": 100.0, "percent_statements_covered_display": "100"}, "missing_lines": [], "excluded_lines": [], "start_line": 397}, "MergeConflictDTO": {"executed_lines": [], "summary": {"covered_lines": 0, "num_statements": 0, "percent_covered": 100.0, "percent_covered_display": "100", "missing_lines": 0, "excluded_lines": 0, "percent_statements_covered": 100.0, "percent_statements_covered_display": "100"}, "missing_lines": [], "excluded_lines": [], "start_line": 403}, "MergeConflictPage": {"executed_lines": [], "summary": {"covered_lines": 0, "num_statements": 0, "percent_covered": 100.0, "percent_covered_display": "100", "missing_lines": 0, "excluded_lines": 0, "percent_statements_covered": 100.0, "percent_statements_covered_display": "100"}, "missing_lines": [], "excluded_lines": [], "start_line": 413}, "ModelSummary": {"executed_lines": [], "summary": {"covered_lines": 0, "num_statements": 0, "percent_covered": 100.0, "percent_covered_display": "100", "missing_lines": 0, "excluded_lines": 0, "percent_statements_covered": 100.0, "percent_statements_covered_display": "100"}, "missing_lines": [], "excluded_lines": [], "start_line": 420}, "ModelListResponse": {"executed_lines": [], "summary": {"covered_lines": 0, "num_statements": 0, "percent_covered": 100.0, "percent_covered_display": "100", "missing_lines": 0, "excluded_lines": 0, "percent_statements_covered": 100.0, "percent_statements_covered_display": "100"}, "missing_lines": [], "excluded_lines": [], "start_line": 426}, "MessagingAuditEntryDTO": {"executed_lines": [], "summary": {"covered_lines": 0, "num_statements": 0, "percent_covered": 100.0, "percent_covered_display": "100", "missing_lines": 0, "excluded_lines": 0, "percent_statements_covered": 100.0, "percent_statements_covered_display": "100"}, "missing_lines": [], "excluded_lines": [], "start_line": 431}, "AuditEntry": {"executed_lines": [], "summary": {"covered_lines": 0, "num_statements": 0, "percent_covered": 100.0, "percent_covered_display": "100", "missing_lines": 0, "excluded_lines": 0, "percent_statements_covered": 100.0, "percent_statements_covered_display": "100"}, "missing_lines": [], "excluded_lines": [], "start_line": 439}, "AuditPage": {"executed_lines": [], "summary": {"covered_lines": 0, "num_statements": 0, "percent_covered": 100.0, "percent_covered_display": "100", "missing_lines": 0, "excluded_lines": 0, "percent_statements_covered": 100.0, "percent_statements_covered_display": "100"}, "missing_lines": [], "excluded_lines": [], "start_line": 446}, "OrchestratorStatus": {"executed_lines": [], "summary": {"covered_lines": 0, "num_statements": 0, "percent_covered": 100.0, "percent_covered_display": "100", "missing_lines": 0, "excluded_lines": 0, "percent_statements_covered": 100.0, "percent_statements_covered_display": "100"}, "missing_lines": [], "excluded_lines": [], "start_line": 453}, "CrossDepartmentMessage": {"executed_lines": [], "summary": {"covered_lines": 0, "num_statements": 0, "percent_covered": 100.0, "percent_covered_display": "100", "missing_lines": 0, "excluded_lines": 0, "percent_statements_covered": 100.0, "percent_statements_covered_display": "100"}, "missing_lines": [], "excluded_lines": [], "start_line": 460}, "ExecutionTraceEvent": {"executed_lines": [], "summary": {"covered_lines": 0, "num_statements": 0, "percent_covered": 100.0, "percent_covered_display": "100", "missing_lines": 0, "excluded_lines": 0, "percent_statements_covered": 100.0, "percent_statements_covered_display": "100"}, "missing_lines": [], "excluded_lines": [], "start_line": 467}, "LifecycleEvent": {"executed_lines": [], "summary": {"covered_lines": 0, "num_statements": 0, "percent_covered": 100.0, "percent_covered_display": "100", "missing_lines": 0, "excluded_lines": 0, "percent_statements_covered": 100.0, "percent_statements_covered_display": "100"}, "missing_lines": [], "excluded_lines": [], "start_line": 475}, "": {"executed_lines": [1, 3, 8, 11, 13, 14, 15, 16, 17, 18, 19, 22, 24, 25, 26, 29, 31, 32, 33, 34, 37, 39, 40, 41, 42, 43, 46, 48, 49, 50, 53, 55, 56, 57, 58, 61, 63, 64, 65, 66, 67, 70, 72, 73, 74, 75, 76, 79, 81, 82, 83, 84, 85, 86, 87, 88, 91, 93, 94, 95, 96, 97, 98, 99, 100, 101, 102, 105, 107, 108, 111, 113, 116, 118, 119, 122, 124, 125, 126, 129, 131, 132, 133, 136, 138, 141, 143, 144, 145, 148, 150, 153, 155, 156, 157, 160, 162, 163, 164, 165, 166, 169, 171, 172, 173, 174, 177, 179, 182, 184, 187, 189, 190, 191, 192, 195, 197, 198, 199, 200, 203, 205, 206, 209, 211, 214, 216, 219, 221, 222, 225, 227, 233, 234, 235, 236, 237, 238, 241, 242, 243, 246, 247, 248, 249, 250, 253, 254, 257, 258, 259, 260, 261, 264, 265, 266, 267, 270, 271, 272, 273, 276, 277, 278, 281, 282, 283, 286, 287, 288, 291, 292, 295, 296, 297, 298, 299, 300, 303, 304, 305, 306, 307, 310, 311, 312, 313, 314, 317, 318, 319, 320, 321, 322, 325, 326, 327, 330, 331, 332, 333, 334, 335, 338, 339, 340, 341, 342, 343, 346, 347, 348, 349, 350, 353, 354, 355, 356, 357, 358, 361, 362, 363, 364, 365, 368, 369, 370, 371, 372, 373, 376, 377, 378, 379, 380, 381, 384, 385, 386, 387, 388, 391, 392, 393, 394, 397, 398, 399, 400, 403, 404, 405, 406, 407, 408, 409, 410, 413, 414, 415, 416, 417, 420, 421, 422, 423, 426, 427, 428, 431, 432, 433, 434, 435, 436, 439, 440, 441, 442, 443, 446, 447, 448, 449, 450, 453, 454, 455, 456, 457, 460, 461, 462, 463, 464, 467, 468, 469, 470, 471, 472, 475, 476, 477, 478, 479], "summary": {"covered_lines": 307, "num_statements": 307, "percent_covered": 100.0, "percent_covered_display": "100", "missing_lines": 0, "excluded_lines": 2, "percent_statements_covered": 100.0, "percent_statements_covered_display": "100"}, "missing_lines": [], "excluded_lines": [5, 6], "start_line": 1}}}, "app\\web\\sse_broker.py": {"executed_lines": [12, 13, 14, 15, 16, 17, 18, 20, 23, 24, 27, 28, 29, 30, 31, 34, 35, 38, 39, 40, 43, 49, 55, 57, 59, 60, 61, 62, 63, 64, 66, 68, 70, 72, 74, 83, 100, 103, 104, 108, 109, 116, 117, 119, 120, 124, 126, 132, 150, 151, 152, 156, 157, 159, 161, 162, 163, 164, 165, 167, 168, 169, 170, 171, 172, 173, 177, 192, 194, 195, 200, 201, 202, 203, 212, 213, 216, 232, 233, 236, 239, 240, 241, 242, 243, 246, 248, 254, 259, 260, 261, 262, 263, 264, 265, 266, 272, 286, 301, 302, 303, 308, 309, 310, 313, 314, 321, 322, 324, 348, 350, 351, 352, 355, 356, 358, 391], "summary": {"covered_lines": 117, "num_statements": 176, "percent_covered": 66.47727272727273, "percent_covered_display": "66", "missing_lines": 59, "excluded_lines": 0, "percent_statements_covered": 66.47727272727273, "percent_statements_covered_display": "66"}, "missing_lines": [76, 77, 81, 105, 128, 129, 130, 153, 174, 175, 214, 234, 253, 256, 273, 276, 277, 284, 304, 331, 332, 334, 335, 336, 337, 339, 341, 342, 343, 345, 346, 353, 371, 372, 374, 375, 376, 377, 380, 381, 383, 388, 389, 405, 406, 407, 408, 410, 411, 413, 414, 417, 418, 422, 423, 425, 426, 427, 429], "excluded_lines": [], "functions": {"SSEBroker.__init__": {"executed_lines": [55, 57, 59, 60, 61, 62, 63, 64], "summary": {"covered_lines": 8, "num_statements": 8, "percent_covered": 100.0, "percent_covered_display": "100", "missing_lines": 0, "excluded_lines": 0, "percent_statements_covered": 100.0, "percent_statements_covered_display": "100"}, "missing_lines": [], "excluded_lines": [], "start_line": 49}, "SSEBroker.set_event_bus": {"executed_lines": [68], "summary": {"covered_lines": 1, "num_statements": 1, "percent_covered": 100.0, "percent_covered_display": "100", "missing_lines": 0, "excluded_lines": 0, "percent_statements_covered": 100.0, "percent_statements_covered_display": "100"}, "missing_lines": [], "excluded_lines": [], "start_line": 66}, "SSEBroker.set_trace_emitter": {"executed_lines": [72], "summary": {"covered_lines": 1, "num_statements": 1, "percent_covered": 100.0, "percent_covered_display": "100", "missing_lines": 0, "excluded_lines": 0, "percent_statements_covered": 100.0, "percent_statements_covered_display": "100"}, "missing_lines": [], "excluded_lines": [], "start_line": 70}, "SSEBroker.subscribe_to_endpoint": {"executed_lines": [], "summary": {"covered_lines": 0, "num_statements": 3, "percent_covered": 0.0, "percent_covered_display": "0", "missing_lines": 3, "excluded_lines": 0, "percent_statements_covered": 0.0, "percent_statements_covered_display": "0"}, "missing_lines": [76, 77, 81], "excluded_lines": [], "start_line": 74}, "SSEBroker.create_connection": {"executed_lines": [100, 103, 104, 108, 109, 116, 117, 119, 120, 124], "summary": {"covered_lines": 10, "num_statements": 11, "percent_covered": 90.9090909090909, "percent_covered_display": "91", "missing_lines": 1, "excluded_lines": 0, "percent_statements_covered": 90.9090909090909, "percent_statements_covered_display": "91"}, "missing_lines": [105], "excluded_lines": [], "start_line": 83}, "SSEBroker.remove_connection": {"executed_lines": [], "summary": {"covered_lines": 0, "num_statements": 3, "percent_covered": 0.0, "percent_covered_display": "0", "missing_lines": 3, "excluded_lines": 0, "percent_statements_covered": 0.0, "percent_statements_covered_display": "0"}, "missing_lines": [128, 129, 130], "excluded_lines": [], "start_line": 126}, "SSEBroker.send_event": {"executed_lines": [150, 151, 152, 156, 157, 159, 161, 162, 163, 164, 165, 167, 168, 169, 170, 171, 172, 173], "summary": {"covered_lines": 18, "num_statements": 21, "percent_covered": 85.71428571428571, "percent_covered_display": "86", "missing_lines": 3, "excluded_lines": 0, "percent_statements_covered": 85.71428571428571, "percent_statements_covered_display": "86"}, "missing_lines": [153, 174, 175], "excluded_lines": [], "start_line": 132}, "SSEBroker.broadcast_to_endpoint": {"executed_lines": [192, 194, 195, 200, 201, 202, 203, 212, 213], "summary": {"covered_lines": 9, "num_statements": 10, "percent_covered": 90.0, "percent_covered_display": "90", "missing_lines": 1, "excluded_lines": 0, "percent_statements_covered": 90.0, "percent_statements_covered_display": "90"}, "missing_lines": [214], "excluded_lines": [], "start_line": 177}, "SSEBroker.replay_events": {"executed_lines": [232, 233, 236, 239, 240, 241, 242, 243, 246, 248, 254, 259, 260, 261, 262, 263, 264, 265, 266, 272], "summary": {"covered_lines": 20, "num_statements": 27, "percent_covered": 74.07407407407408, "percent_covered_display": "74", "missing_lines": 7, "excluded_lines": 0, "percent_statements_covered": 74.07407407407408, "percent_statements_covered_display": "74"}, "missing_lines": [234, 253, 256, 273, 276, 277, 284], "excluded_lines": [], "start_line": 216}, "SSEBroker.send_overflow_event": {"executed_lines": [301, 302, 303, 308, 309, 310, 313, 314, 321, 322], "summary": {"covered_lines": 10, "num_statements": 11, "percent_covered": 90.9090909090909, "percent_covered_display": "91", "missing_lines": 1, "excluded_lines": 0, "percent_statements_covered": 90.9090909090909, "percent_statements_covered_display": "91"}, "missing_lines": [304], "excluded_lines": [], "start_line": 286}, "SSEBroker.keepalive_task": {"executed_lines": [], "summary": {"covered_lines": 0, "num_statements": 12, "percent_covered": 0.0, "percent_covered_display": "0", "missing_lines": 12, "excluded_lines": 0, "percent_statements_covered": 0.0, "percent_statements_covered_display": "0"}, "missing_lines": [331, 332, 334, 335, 336, 337, 339, 341, 342, 343, 345, 346], "excluded_lines": [], "start_line": 324}, "SSEBroker.send_event_raw": {"executed_lines": [350, 351, 352, 355, 356], "summary": {"covered_lines": 5, "num_statements": 6, "percent_covered": 83.33333333333333, "percent_covered_display": "83", "missing_lines": 1, "excluded_lines": 0, "percent_statements_covered": 83.33333333333333, "percent_statements_covered_display": "83"}, "missing_lines": [353], "excluded_lines": [], "start_line": 348}, "SSEBroker.auth_check_task": {"executed_lines": [], "summary": {"covered_lines": 0, "num_statements": 11, "percent_covered": 0.0, "percent_covered_display": "0", "missing_lines": 11, "excluded_lines": 0, "percent_statements_covered": 0.0, "percent_statements_covered_display": "0"}, "missing_lines": [371, 372, 374, 375, 376, 377, 380, 381, 383, 388, 389], "excluded_lines": [], "start_line": 358}, "SSEBroker.event_generator": {"executed_lines": [], "summary": {"covered_lines": 0, "num_statements": 16, "percent_covered": 0.0, "percent_covered_display": "0", "missing_lines": 16, "excluded_lines": 0, "percent_statements_covered": 0.0, "percent_statements_covered_display": "0"}, "missing_lines": [405, 406, 407, 408, 410, 411, 413, 414, 417, 418, 422, 423, 425, 426, 427, 429], "excluded_lines": [], "start_line": 391}, "": {"executed_lines": [12, 13, 14, 15, 16, 17, 18, 20, 23, 24, 27, 28, 29, 30, 31, 34, 35, 38, 39, 40, 43, 49, 66, 70, 74, 83, 126, 132, 177, 216, 286, 324, 348, 358, 391], "summary": {"covered_lines": 35, "num_statements": 35, "percent_covered": 100.0, "percent_covered_display": "100", "missing_lines": 0, "excluded_lines": 0, "percent_statements_covered": 100.0, "percent_statements_covered_display": "100"}, "missing_lines": [], "excluded_lines": [], "start_line": 1}}, "classes": {"SSEConnection": {"executed_lines": [], "summary": {"covered_lines": 0, "num_statements": 0, "percent_covered": 100.0, "percent_covered_display": "100", "missing_lines": 0, "excluded_lines": 0, "percent_statements_covered": 100.0, "percent_statements_covered_display": "100"}, "missing_lines": [], "excluded_lines": [], "start_line": 24}, "ReplayBuffer": {"executed_lines": [], "summary": {"covered_lines": 0, "num_statements": 0, "percent_covered": 100.0, "percent_covered_display": "100", "missing_lines": 0, "excluded_lines": 0, "percent_statements_covered": 100.0, "percent_statements_covered_display": "100"}, "missing_lines": [], "excluded_lines": [], "start_line": 35}, "SSEBroker": {"executed_lines": [55, 57, 59, 60, 61, 62, 63, 64, 68, 72, 100, 103, 104, 108, 109, 116, 117, 119, 120, 124, 150, 151, 152, 156, 157, 159, 161, 162, 163, 164, 165, 167, 168, 169, 170, 171, 172, 173, 192, 194, 195, 200, 201, 202, 203, 212, 213, 232, 233, 236, 239, 240, 241, 242, 243, 246, 248, 254, 259, 260, 261, 262, 263, 264, 265, 266, 272, 301, 302, 303, 308, 309, 310, 313, 314, 321, 322, 350, 351, 352, 355, 356], "summary": {"covered_lines": 82, "num_statements": 141, "percent_covered": 58.156028368794324, "percent_covered_display": "58", "missing_lines": 59, "excluded_lines": 0, "percent_statements_covered": 58.156028368794324, "percent_statements_covered_display": "58"}, "missing_lines": [76, 77, 81, 105, 128, 129, 130, 153, 174, 175, 214, 234, 253, 256, 273, 276, 277, 284, 304, 331, 332, 334, 335, 336, 337, 339, 341, 342, 343, 345, 346, 353, 371, 372, 374, 375, 376, 377, 380, 381, 383, 388, 389, 405, 406, 407, 408, 410, 411, 413, 414, 417, 418, 422, 423, 425, 426, 427, 429], "excluded_lines": [], "start_line": 43}, "": {"executed_lines": [12, 13, 14, 15, 16, 17, 18, 20, 23, 24, 27, 28, 29, 30, 31, 34, 35, 38, 39, 40, 43, 49, 66, 70, 74, 83, 126, 132, 177, 216, 286, 324, 348, 358, 391], "summary": {"covered_lines": 35, "num_statements": 35, "percent_covered": 100.0, "percent_covered_display": "100", "missing_lines": 0, "excluded_lines": 0, "percent_statements_covered": 100.0, "percent_statements_covered_display": "100"}, "missing_lines": [], "excluded_lines": [], "start_line": 1}}}, "app\\web\\tests\\__init__.py": {"executed_lines": [], "summary": {"covered_lines": 0, "num_statements": 0, "percent_covered": 100.0, "percent_covered_display": "100", "missing_lines": 0, "excluded_lines": 0, "percent_statements_covered": 100.0, "percent_statements_covered_display": "100"}, "missing_lines": [], "excluded_lines": [], "functions": {"": {"executed_lines": [], "summary": {"covered_lines": 0, "num_statements": 0, "percent_covered": 100.0, "percent_covered_display": "100", "missing_lines": 0, "excluded_lines": 0, "percent_statements_covered": 100.0, "percent_statements_covered_display": "100"}, "missing_lines": [], "excluded_lines": [], "start_line": 1}}, "classes": {"": {"executed_lines": [], "summary": {"covered_lines": 0, "num_statements": 0, "percent_covered": 100.0, "percent_covered_display": "100", "missing_lines": 0, "excluded_lines": 0, "percent_statements_covered": 100.0, "percent_statements_covered_display": "100"}, "missing_lines": [], "excluded_lines": [], "start_line": 1}}}, "app\\web\\tests\\test_auth.py": {"executed_lines": [3, 4, 5, 6, 8, 9, 10, 13, 14, 16, 17, 18, 19, 20, 23, 24, 26, 27, 28, 29, 30, 31, 32, 33, 34, 37, 38, 41, 43, 44, 46, 49, 51, 53, 54, 55, 56, 59, 61, 66, 69, 71, 82, 85, 87, 96, 99, 101, 103, 106, 108, 110, 113, 116, 118, 119, 120, 122, 127], "summary": {"covered_lines": 59, "num_statements": 59, "percent_covered": 100.0, "percent_covered_display": "100", "missing_lines": 0, "excluded_lines": 0, "percent_statements_covered": 100.0, "percent_statements_covered_display": "100"}, "missing_lines": [], "excluded_lines": [], "functions": {"mock_users_store": {"executed_lines": [16, 17, 18, 19, 20], "summary": {"covered_lines": 5, "num_statements": 5, "percent_covered": 100.0, "percent_covered_display": "100", "missing_lines": 0, "excluded_lines": 0, "percent_statements_covered": 100.0, "percent_statements_covered_display": "100"}, "missing_lines": [], "excluded_lines": [], "start_line": 14}, "mock_audit_db": {"executed_lines": [26, 27, 28, 29, 30, 31, 32, 33, 34], "summary": {"covered_lines": 9, "num_statements": 9, "percent_covered": 100.0, "percent_covered_display": "100", "missing_lines": 0, "excluded_lines": 0, "percent_statements_covered": 100.0, "percent_statements_covered_display": "100"}, "missing_lines": [], "excluded_lines": [], "start_line": 24}, "client": {"executed_lines": [41, 43, 44, 46], "summary": {"covered_lines": 4, "num_statements": 4, "percent_covered": 100.0, "percent_covered_display": "100", "missing_lines": 0, "excluded_lines": 0, "percent_statements_covered": 100.0, "percent_statements_covered_display": "100"}, "missing_lines": [], "excluded_lines": [], "start_line": 38}, "test_bootstrap_status": {"executed_lines": [51, 53, 54, 55, 56], "summary": {"covered_lines": 5, "num_statements": 5, "percent_covered": 100.0, "percent_covered_display": "100", "missing_lines": 0, "excluded_lines": 0, "percent_statements_covered": 100.0, "percent_statements_covered_display": "100"}, "missing_lines": [], "excluded_lines": [], "start_line": 49}, "test_login_without_setup_token_bootstrap": {"executed_lines": [61, 66], "summary": {"covered_lines": 2, "num_statements": 2, "percent_covered": 100.0, "percent_covered_display": "100", "missing_lines": 0, "excluded_lines": 0, "percent_statements_covered": 100.0, "percent_statements_covered_display": "100"}, "missing_lines": [], "excluded_lines": [], "start_line": 59}, "test_login_with_setup_token_bootstrap": {"executed_lines": [71, 82], "summary": {"covered_lines": 2, "num_statements": 2, "percent_covered": 100.0, "percent_covered_display": "100", "missing_lines": 0, "excluded_lines": 0, "percent_statements_covered": 100.0, "percent_statements_covered_display": "100"}, "missing_lines": [], "excluded_lines": [], "start_line": 69}, "test_invalid_password_policy": {"executed_lines": [87, 96], "summary": {"covered_lines": 2, "num_statements": 2, "percent_covered": 100.0, "percent_covered_display": "100", "missing_lines": 0, "excluded_lines": 0, "percent_statements_covered": 100.0, "percent_statements_covered_display": "100"}, "missing_lines": [], "excluded_lines": [], "start_line": 85}, "test_logout": {"executed_lines": [101, 103], "summary": {"covered_lines": 2, "num_statements": 2, "percent_covered": 100.0, "percent_covered_display": "100", "missing_lines": 0, "excluded_lines": 0, "percent_statements_covered": 100.0, "percent_statements_covered_display": "100"}, "missing_lines": [], "excluded_lines": [], "start_line": 99}, "test_rate_limit_status": {"executed_lines": [108, 110], "summary": {"covered_lines": 2, "num_statements": 2, "percent_covered": 100.0, "percent_covered_display": "100", "missing_lines": 0, "excluded_lines": 0, "percent_statements_covered": 100.0, "percent_statements_covered_display": "100"}, "missing_lines": [], "excluded_lines": [], "start_line": 106}, "test_service_unavailable": {"executed_lines": [116, 118, 119, 120, 122, 127], "summary": {"covered_lines": 6, "num_statements": 6, "percent_covered": 100.0, "percent_covered_display": "100", "missing_lines": 0, "excluded_lines": 0, "percent_statements_covered": 100.0, "percent_statements_covered_display": "100"}, "missing_lines": [], "excluded_lines": [], "start_line": 113}, "": {"executed_lines": [3, 4, 5, 6, 8, 9, 10, 13, 14, 23, 24, 37, 38, 49, 59, 69, 85, 99, 106, 113], "summary": {"covered_lines": 20, "num_statements": 20, "percent_covered": 100.0, "percent_covered_display": "100", "missing_lines": 0, "excluded_lines": 0, "percent_statements_covered": 100.0, "percent_statements_covered_display": "100"}, "missing_lines": [], "excluded_lines": [], "start_line": 1}}, "classes": {"": {"executed_lines": [3, 4, 5, 6, 8, 9, 10, 13, 14, 16, 17, 18, 19, 20, 23, 24, 26, 27, 28, 29, 30, 31, 32, 33, 34, 37, 38, 41, 43, 44, 46, 49, 51, 53, 54, 55, 56, 59, 61, 66, 69, 71, 82, 85, 87, 96, 99, 101, 103, 106, 108, 110, 113, 116, 118, 119, 120, 122, 127], "summary": {"covered_lines": 59, "num_statements": 59, "percent_covered": 100.0, "percent_covered_display": "100", "missing_lines": 0, "excluded_lines": 0, "percent_statements_covered": 100.0, "percent_statements_covered_display": "100"}, "missing_lines": [], "excluded_lines": [], "start_line": 1}}}, "app\\web\\tests\\test_main.py": {"executed_lines": [3, 4, 6, 9, 10, 12, 13, 16, 18, 20, 21, 22, 23, 26, 29, 30, 33, 34, 37, 38, 41, 42, 45, 46, 49, 51, 54, 57, 59, 69], "summary": {"covered_lines": 30, "num_statements": 30, "percent_covered": 100.0, "percent_covered_display": "100", "missing_lines": 0, "excluded_lines": 0, "percent_statements_covered": 100.0, "percent_statements_covered_display": "100"}, "missing_lines": [], "excluded_lines": [], "functions": {"client": {"executed_lines": [12, 13], "summary": {"covered_lines": 2, "num_statements": 2, "percent_covered": 100.0, "percent_covered_display": "100", "missing_lines": 0, "excluded_lines": 0, "percent_statements_covered": 100.0, "percent_statements_covered_display": "100"}, "missing_lines": [], "excluded_lines": [], "start_line": 10}, "test_health_check": {"executed_lines": [18, 20, 21, 22, 23], "summary": {"covered_lines": 5, "num_statements": 5, "percent_covered": 100.0, "percent_covered_display": "100", "missing_lines": 0, "excluded_lines": 0, "percent_statements_covered": 100.0, "percent_statements_covered_display": "100"}, "missing_lines": [], "excluded_lines": [], "start_line": 16}, "test_all_routers_mounted": {"executed_lines": [29, 30, 33, 34, 37, 38, 41, 42, 45, 46], "summary": {"covered_lines": 10, "num_statements": 10, "percent_covered": 100.0, "percent_covered_display": "100", "missing_lines": 0, "excluded_lines": 0, "percent_statements_covered": 100.0, "percent_statements_covered_display": "100"}, "missing_lines": [], "excluded_lines": [], "start_line": 26}, "test_dependency_injection_wired": {"executed_lines": [51, 54, 57, 59, 69], "summary": {"covered_lines": 5, "num_statements": 5, "percent_covered": 100.0, "percent_covered_display": "100", "missing_lines": 0, "excluded_lines": 0, "percent_statements_covered": 100.0, "percent_statements_covered_display": "100"}, "missing_lines": [], "excluded_lines": [], "start_line": 49}, "": {"executed_lines": [3, 4, 6, 9, 10, 16, 26, 49], "summary": {"covered_lines": 8, "num_statements": 8, "percent_covered": 100.0, "percent_covered_display": "100", "missing_lines": 0, "excluded_lines": 0, "percent_statements_covered": 100.0, "percent_statements_covered_display": "100"}, "missing_lines": [], "excluded_lines": [], "start_line": 1}}, "classes": {"": {"executed_lines": [3, 4, 6, 9, 10, 12, 13, 16, 18, 20, 21, 22, 23, 26, 29, 30, 33, 34, 37, 38, 41, 42, 45, 46, 49, 51, 54, 57, 59, 69], "summary": {"covered_lines": 30, "num_statements": 30, "percent_covered": 100.0, "percent_covered_display": "100", "missing_lines": 0, "excluded_lines": 0, "percent_statements_covered": 100.0, "percent_statements_covered_display": "100"}, "missing_lines": [], "excluded_lines": [], "start_line": 1}}}, "app\\web\\tests\\test_messaging_api.py": {"executed_lines": [3, 4, 5, 6, 8, 9, 18, 19, 21, 22, 23, 35, 45, 48, 49, 52, 54, 55, 57, 60, 62, 72, 73, 74, 75, 77, 80, 82, 87, 88, 89, 90, 91, 92, 94, 100, 102, 106, 108, 111, 114, 118, 121, 125, 128, 134, 137, 139, 149], "summary": {"covered_lines": 49, "num_statements": 49, "percent_covered": 100.0, "percent_covered_display": "100", "missing_lines": 0, "excluded_lines": 0, "percent_statements_covered": 100.0, "percent_statements_covered_display": "100"}, "missing_lines": [], "excluded_lines": [], "functions": {"mock_inter_department_bus": {"executed_lines": [21, 22, 23, 35, 45], "summary": {"covered_lines": 5, "num_statements": 5, "percent_covered": 100.0, "percent_covered_display": "100", "missing_lines": 0, "excluded_lines": 0, "percent_statements_covered": 100.0, "percent_statements_covered_display": "100"}, "missing_lines": [], "excluded_lines": [], "start_line": 19}, "client": {"executed_lines": [52, 54, 55, 57], "summary": {"covered_lines": 4, "num_statements": 4, "percent_covered": 100.0, "percent_covered_display": "100", "missing_lines": 0, "excluded_lines": 0, "percent_statements_covered": 100.0, "percent_statements_covered_display": "100"}, "missing_lines": [], "excluded_lines": [], "start_line": 49}, "test_send_message": {"executed_lines": [62, 72, 73, 74, 75, 77], "summary": {"covered_lines": 6, "num_statements": 6, "percent_covered": 100.0, "percent_covered_display": "100", "missing_lines": 0, "excluded_lines": 0, "percent_statements_covered": 100.0, "percent_statements_covered_display": "100"}, "missing_lines": [], "excluded_lines": [], "start_line": 60}, "test_audit_pagination": {"executed_lines": [82, 87, 88, 89, 90, 91, 92, 94], "summary": {"covered_lines": 8, "num_statements": 8, "percent_covered": 100.0, "percent_covered_display": "100", "missing_lines": 0, "excluded_lines": 0, "percent_statements_covered": 100.0, "percent_statements_covered_display": "100"}, "missing_lines": [], "excluded_lines": [], "start_line": 80}, "test_circuit_state_list": {"executed_lines": [102, 106, 108], "summary": {"covered_lines": 3, "num_statemen
[...]
": 467}, "test_subsystem_health_kind_required": {"executed_lines": [492, 493], "summary": {"covered_lines": 2, "num_statements": 2, "percent_covered": 100.0, "percent_covered_display": "100", "missing_lines": 0, "excluded_lines": 0, "percent_statements_covered": 100.0, "percent_statements_covered_display": "100"}, "missing_lines": [], "excluded_lines": [], "start_line": 490}, "test_login_response_body_does_not_contain_session_id": {"executed_lines": [503, 509, 512, 513, 514], "summary": {"covered_lines": 5, "num_statements": 5, "percent_covered": 100.0, "percent_covered_display": "100", "missing_lines": 0, "excluded_lines": 0, "percent_statements_covered": 100.0, "percent_statements_covered_display": "100"}, "missing_lines": [], "excluded_lines": [], "start_line": 501}, "": {"executed_lines": [3, 4, 6, 44, 88, 106, 146, 163, 192, 467, 490, 501], "summary": {"covered_lines": 12, "num_statements": 12, "percent_covered": 100.0, "percent_covered_display": "100", "missing_lines": 0, "excluded_lines": 0, "percent_statements_covered": 100.0, "percent_statements_covered_display": "100"}, "missing_lines": [], "excluded_lines": [], "start_line": 1}}, "classes": {"": {"executed_lines": [3, 4, 6, 44, 46, 82, 84, 85, 88, 90, 91, 93, 96, 102, 103, 106, 108, 118, 119, 122, 123, 134, 135, 146, 148, 150, 151, 152, 155, 156, 159, 160, 163, 165, 178, 179, 180, 183, 189, 192, 194, 455, 457, 460, 463, 464, 467, 469, 471, 472, 478, 481, 482, 490, 492, 493, 501, 503, 509, 512, 513, 514], "summary": {"covered_lines": 62, "num_statements": 62, "percent_covered": 100.0, "percent_covered_display": "100", "missing_lines": 0, "excluded_lines": 0, "percent_statements_covered": 100.0, "percent_statements_covered_display": "100"}, "missing_lines": [], "excluded_lines": [], "start_line": 1}}}, "app\\web\\tests\\test_sse_broker.py": {"executed_lines": [3, 4, 5, 7, 10, 11, 13, 14, 17, 18, 20, 21, 22, 25, 26, 28, 29, 30, 31, 34, 35, 37, 38, 39, 42, 43, 45, 46, 47, 50, 51, 53, 60, 61, 68, 71, 76, 77, 80, 81, 83, 90, 93, 99, 100, 102, 109, 112, 113, 114, 117, 118, 120, 127, 130, 131, 134, 135, 138, 143, 150, 151, 152, 153, 156, 157, 160, 165, 172, 179, 180, 181, 187, 189, 192, 193, 196, 203, 204, 205, 211, 213, 216, 217, 219, 221, 224, 225, 228, 235, 242, 243, 246, 247, 249, 256, 263, 264, 267, 268, 271, 273, 274, 275, 276, 279, 286, 293, 294, 297, 298, 300, 307, 310, 311, 314, 315, 318, 320, 323, 324, 326, 333, 334, 342, 345, 346, 349, 354, 359, 366, 373, 374, 375, 378, 379, 380, 383, 384, 386, 393, 394, 401, 404, 405, 408, 409, 410, 413, 420, 423, 426, 427, 429, 436, 439, 445, 446, 449, 450, 457, 458, 461, 468], "summary": {"covered_lines": 164, "num_statements": 168, "percent_covered": 97.61904761904762, "percent_covered_display": "98", "missing_lines": 4, "excluded_lines": 0, "percent_statements_covered": 97.61904761904762, "percent_statements_covered_display": "98"}, "missing_lines": [186, 210, 218, 277], "excluded_lines": [], "functions": {"mock_event_bus": {"executed_lines": [13, 14], "summary": {"covered_lines": 2, "num_statements": 2, "percent_covered": 100.0, "percent_covered_display": "100", "missing_lines": 0, "excluded_lines": 0, "percent_statements_covered": 100.0, "percent_statements_covered_display": "100"}, "missing_lines": [], "excluded_lines": [], "start_line": 11}, "mock_trace_emitter": {"executed_lines": [20, 21, 22], "summary": {"covered_lines": 3, "num_statements": 3, "percent_covered": 100.0, "percent_covered_display": "100", "missing_lines": 0, "excluded_lines": 0, "percent_statements_covered": 100.0, "percent_statements_covered_display": "100"}, "missing_lines": [], "excluded_lines": [], "start_line": 18}, "sse_broker": {"executed_lines": [28, 29, 30, 31], "summary": {"covered_lines": 4, "num_statements": 4, "percent_covered": 100.0, "percent_covered_display": "100", "missing_lines": 0, "excluded_lines": 0, "percent_statements_covered": 100.0, "percent_statements_covered_display": "100"}, "missing_lines": [], "excluded_lines": [], "start_line": 26}, "mock_request": {"executed_lines": [37, 38, 39], "summary": {"covered_lines": 3, "num_statements": 3, "percent_covered": 100.0, "percent_covered_display": "100", "missing_lines": 0, "excluded_lines": 0, "percent_statements_covered": 100.0, "percent_statements_covered_display": "100"}, "missing_lines": [], "excluded_lines": [], "start_line": 35}, "mock_auth_validator": {"executed_lines": [45, 47], "summary": {"covered_lines": 2, "num_statements": 2, "percent_covered": 100.0, "percent_covered_display": "100", "missing_lines": 0, "excluded_lines": 0, "percent_statements_covered": 100.0, "percent_statements_covered_display": "100"}, "missing_lines": [], "excluded_lines": [], "start_line": 43}, "mock_auth_validator.validator": {"executed_lines": [46], "summary": {"covered_lines": 1, "num_statements": 1, "percent_covered": 100.0, "percent_covered_display": "100", "missing_lines": 0, "excluded_lines": 0, "percent_statements_covered": 100.0, "percent_statements_covered_display": "100"}, "missing_lines": [], "excluded_lines": [], "start_line": 45}, "test_bounded_queue_max_100": {"executed_lines": [53, 60, 61, 68, 71, 76, 77], "summary": {"covered_lines": 7, "num_statements": 7, "percent_covered": 100.0, "percent_covered_display": "100", "missing_lines": 0, "excluded_lines": 0, "percent_statements_covered": 100.0, "percent_statements_covered_display": "100"}, "missing_lines": [], "excluded_lines": [], "start_line": 51}, "test_overflow_bypasses_queue": {"executed_lines": [83, 90, 93], "summary": {"covered_lines": 3, "num_statements": 3, "percent_covered": 100.0, "percent_covered_display": "100", "missing_lines": 0, "excluded_lines": 0, "percent_statements_covered": 100.0, "percent_statements_covered_display": "100"}, "missing_lines": [], "excluded_lines": [], "start_line": 81}, "test_overflow_event_has_no_id_field": {"executed_lines": [102, 109, 112, 113, 114], "summary": {"covered_lines": 5, "num_statements": 5, "percent_covered": 100.0, "percent_covered_display": "100", "missing_lines": 0, "excluded_lines": 0, "percent_statements_covered": 100.0, "percent_statements_covered_display": "100"}, "missing_lines": [], "excluded_lines": [], "start_line": 100}, "test_overflow_reports_correct_dropped_count": {"executed_lines": [120, 127, 130, 131], "summary": {"covered_lines": 4, "num_statements": 4, "percent_covered": 100.0, "percent_covered_display": "100", "missing_lines": 0, "excluded_lines": 0, "percent_statements_covered": 100.0, "percent_statements_covered_display": "100"}, "missing_lines": [], "excluded_lines": [], "start_line": 118}, "test_replay_buffer_persists_across_disconnect": {"executed_lines": [138, 143, 150, 151, 152, 153], "summary": {"covered_lines": 6, "num_statements": 6, "percent_covered": 100.0, "percent_covered_display": "100", "missing_lines": 0, "excluded_lines": 0, "percent_statements_covered": 100.0, "percent_statements_covered_display": "100"}, "missing_lines": [], "excluded_lines": [], "start_line": 135}, "test_reconnect_same_epoch_replays": {"executed_lines": [160, 165, 172, 179, 180, 181, 187, 189], "summary": {"covered_lines": 8, "num_statements": 9, "percent_covered": 88.88888888888889, "percent_covered_display": "89", "missing_lines": 1, "excluded_lines": 0, "percent_statements_covered": 88.88888888888889, "percent_statements_covered_display": "89"}, "missing_lines": [186], "excluded_lines": [], "start_line": 157}, "test_reconnect_diff_epoch_replay_unavailable": {"executed_lines": [196, 203, 204, 205, 211, 213, 216, 217, 219, 221], "summary": {"covered_lines": 10, "num_statements": 12, "percent_covered": 83.33333333333333, "percent_covered_display": "83", "missing_lines": 2, "excluded_lines": 0, "percent_statements_covered": 83.33333333333333, "percent_statements_covered_display": "83"}, "missing_lines": [210, 218], "excluded_lines": [], "start_line": 193}, "test_not_ready_hold_before_timeout": {"executed_lines": [228, 235, 242, 243], "summary": {"covered_lines": 4, "num_statements": 4, "percent_covered": 100.0, "percent_covered_display": "100", "missing_lines": 0, "excluded_lines": 0, "percent_statements_covered": 100.0, "percent_statements_covered_display": "100"}, "missing_lines": [], "excluded_lines": [], "start_line": 225}, "test_not_ready_timeout_event_emitted": {"executed_lines": [249, 256, 263, 264], "summary": {"covered_lines": 4, "num_statements": 4, "percent_covered": 100.0, "percent_covered_display": "100", "missing_lines": 0, "excluded_lines": 0, "percent_statements_covered": 100.0, "percent_statements_covered_display": "100"}, "missing_lines": [], "excluded_lines": [], "start_line": 247}, "test_auth_expired_midstream": {"executed_lines": [271, 273, 279, 286, 293, 294], "summary": {"covered_lines": 6, "num_statements": 6, "percent_covered": 100.0, "percent_covered_display": "100", "missing_lines": 0, "excluded_lines": 0, "percent_statements_covered": 100.0, "percent_statements_covered_display": "100"}, "missing_lines": [], "excluded_lines": [], "start_line": 268}, "test_auth_expired_midstream.failing_validator": {"executed_lines": [274, 275, 276], "summary": {"covered_lines": 3, "num_statements": 4, "percent_covered": 75.0, "percent_covered_display": "75", "missing_lines": 1, "excluded_lines": 0, "percent_statements_covered": 75.0, "percent_statements_covered_display": "75"}, "missing_lines": [277], "excluded_lines": [], "start_line": 273}, "test_keepalive_30s": {"executed_lines": [300, 307, 310, 311], "summary": {"covered_lines": 4, "num_statements": 4, "percent_covered": 100.0, "percent_covered_display": "100", "missing_lines": 0, "excluded_lines": 0, "percent_statements_covered": 100.0, "percent_statements_covered_display": "100"}, "missing_lines": [], "excluded_lines": [], "start_line": 298}, "test_sse_subscribe_publishes_events": {"executed_lines": [318, 320], "summary": {"covered_lines": 2, "num_statements": 2, "percent_covered": 100.0, "percent_covered_display": "100", "missing_lines": 0, "excluded_lines": 0, "percent_statements_covered": 100.0, "percent_statements_covered_display": "100"}, "missing_lines": [], "excluded_lines": [], "start_line": 315}, "test_sse_overflow_drops_oldest": {"executed_lines": [326, 333, 334, 342], "summary": {"covered_lines": 4, "num_statements": 4, "percent_covered": 100.0, "percent_covered_display": "100", "missing_lines": 0, "excluded_lines": 0, "percent_statements_covered": 100.0, "percent_statements_covered_display": "100"}, "missing_lines": [], "excluded_lines": [], "start_line": 324}, "test_sse_replay_from_last_event_id": {"executed_lines": [349, 354, 359, 366, 373, 374, 375, 378, 379, 380], "summary": {"covered_lines": 10, "num_statements": 10, "percent_covered": 100.0, "percent_covered_display": "100", "missing_lines": 0, "excluded_lines": 0, "percent_statements_covered": 100.0, "percent_statements_covered_display": "100"}, "missing_lines": [], "excluded_lines": [], "start_line": 346}, "test_sse_max_100_events_per_connection": {"executed_lines": [386, 393, 394, 401], "summary": {"covered_lines": 4, "num_statements": 4, "percent_covered": 100.0, "percent_covered_display": "100", "missing_lines": 0, "excluded_lines": 0, "percent_statements_covered": 100.0, "percent_statements_covered_display": "100"}, "missing_lines": [], "excluded_lines": [], "start_line": 384}, "test_rapid_restart_rejects_previous_epoch": {"executed_lines": [408, 409, 410, 413, 420, 423], "summary": {"covered_lines": 6, "num_statements": 6, "percent_covered": 100.0, "percent_covered_display": "100", "missing_lines": 0, "excluded_lines": 0, "percent_statements_covered": 100.0, "percent_statements_covered_display": "100"}, "missing_lines": [], "excluded_lines": [], "start_line": 405}, "test_overflow_logged_to_trace_emitter": {"executed_lines": [429, 436, 439], "summary": {"covered_lines": 3, "num_statements": 3, "percent_covered": 100.0, "percent_covered_display": "100", "missing_lines": 0, "excluded_lines": 0, "percent_statements_covered": 100.0, "percent_statements_covered_display": "100"}, "missing_lines": [], "excluded_lines": [], "start_line": 427}, "test_sse_max_100_events_per_endpoint_buffer": {"executed_lines": [449, 450, 457, 458, 461, 468], "summary": {"covered_lines": 6, "num_statements": 6, "percent_covered": 100.0, "percent_covered_display": "100", "missing_lines": 0, "excluded_lines": 0, "percent_statements_covered": 100.0, "percent_statements_covered_display": "100"}, "missing_lines": [], "excluded_lines": [], "start_line": 446}, "": {"executed_lines": [3, 4, 5, 7, 10, 11, 17, 18, 25, 26, 34, 35, 42, 43, 50, 51, 80, 81, 99, 100, 117, 118, 134, 135, 156, 157, 192, 193, 224, 225, 246, 247, 267, 268, 297, 298, 314, 315, 323, 324, 345, 346, 383, 384, 404, 405, 426, 427, 445, 446], "summary": {"covered_lines": 50, "num_statements": 50, "percent_covered": 100.0, "percent_covered_display": "100", "missing_lines": 0, "excluded_lines": 0, "percent_statements_covered": 100.0, "percent_statements_covered_display": "100"}, "missing_lines": [], "excluded_lines": [], "start_line": 1}}, "classes": {"": {"executed_lines": [3, 4, 5, 7, 10, 11, 13, 14, 17, 18, 20, 21, 22, 25, 26, 28, 29, 30, 31, 34, 35, 37, 38, 39, 42, 43, 45, 46, 47, 50, 51, 53, 60, 61, 68, 71, 76, 77, 80, 81, 83, 90, 93, 99, 100, 102, 109, 112, 113, 114, 117, 118, 120, 127, 130, 131, 134, 135, 138, 143, 150, 151, 152, 153, 156, 157, 160, 165, 172, 179, 180, 181, 187, 189, 192, 193, 196, 203, 204, 205, 211, 213, 216, 217, 219, 221, 224, 225, 228, 235, 242, 243, 246, 247, 249, 256, 263, 264, 267, 268, 271, 273, 274, 275, 276, 279, 286, 293, 294, 297, 298, 300, 307, 310, 311, 314, 315, 318, 320, 323, 324, 326, 333, 334, 342, 345, 346, 349, 354, 359, 366, 373, 374, 375, 378, 379, 380, 383, 384, 386, 393, 394, 401, 404, 405, 408, 409, 410, 413, 420, 423, 426, 427, 429, 436, 439, 445, 446, 449, 450, 457, 458, 461, 468], "summary": {"covered_lines": 164, "num_statements": 168, "percent_covered": 97.61904761904762, "percent_covered_display": "98", "missing_lines": 4, "excluded_lines": 0, "percent_statements_covered": 97.61904761904762, "percent_statements_covered_display": "98"}, "missing_lines": [186, 210, 218, 277], "excluded_lines": [], "start_line": 1}}}, "app\\web\\tests\\test_trace.py": {"executed_lines": [3, 4, 5, 6, 8, 9, 12, 13, 15, 16, 17, 20, 21, 23, 24, 25, 28, 29, 31, 32, 33, 34, 37, 38, 40, 46, 47, 49, 52, 54, 57, 60, 62, 64, 66, 67, 68, 71, 73, 76, 79, 81, 83, 85, 86, 87, 90, 92, 99, 101, 104, 106, 113, 115, 118, 120, 126, 127, 128, 130, 131], "summary": {"covered_lines": 61, "num_statements": 61, "percent_covered": 100.0, "percent_covered_display": "100", "missing_lines": 0, "excluded_lines": 0, "percent_statements_covered": 100.0, "percent_statements_covered_display": "100"}, "missing_lines": [], "excluded_lines": [], "functions": {"mock_trace_producer": {"executed_lines": [15, 16, 17], "summary": {"covered_lines": 3, "num_statements": 3, "percent_covered": 100.0, "percent_covered_display": "100", "missing_lines": 0, "excluded_lines": 0, "percent_statements_covered": 100.0, "percent_statements_covered_display": "100"}, "missing_lines": [], "excluded_lines": [], "start_line": 13}, "mock_lifecycle_producer": {"executed_lines": [23, 24, 25], "summary": {"covered_lines": 3, "num_statements": 3, "percent_covered": 100.0, "percent_covered_display": "100", "missing_lines": 0, "excluded_lines": 0, "percent_statements_covered": 100.0, "percent_statements_covered_display": "100"}, "missing_lines": [], "excluded_lines": [], "start_line": 21}, "mock_sse_broker": {"executed_lines": [31, 32, 33, 34], "summary": {"covered_lines": 4, "num_statements": 4, "percent_covered": 100.0, "percent_covered_display": "100", "missing_lines": 0, "excluded_lines": 0, "percent_statements_covered": 100.0, "percent_statements_covered_display": "100"}, "missing_lines": [], "excluded_lines": [], "start_line": 29}, "client": {"executed_lines": [40, 46, 47, 49], "summary": {"covered_lines": 4, "num_statements": 4, "percent_covered": 100.0, "percent_covered_display": "100", "missing_lines": 0, "excluded_lines": 0, "percent_statements_covered": 100.0, "percent_statements_covered_display": "100"}, "missing_lines": [], "excluded_lines": [], "start_line": 38}, "test_stream_execution_trace": {"executed_lines": [54, 57], "summary": {"covered_lines": 2, "num_statements": 2, "percent_covered": 100.0, "percent_covered_display": "100", "missing_lines": 0, "excluded_lines": 0, "percent_statements_covered": 100.0, "percent_statements_covered_display": "100"}, "missing_lines": [], "excluded_lines": [], "start_line": 52}, "test_get_trace_events": {"executed_lines": [62, 64, 66, 67, 68], "summary": {"covered_lines": 5, "num_statements": 5, "percent_covered": 100.0, "percent_covered_display": "100", "missing_lines": 0, "excluded_lines": 0, "percent_statements_covered": 100.0, "percent_statements_covered_display": "100"}, "missing_lines": [], "excluded_lines": [], "start_line": 60}, "test_stream_lifecycle_events": {"executed_lines": [73, 76], "summary": {"covered_lines": 2, "num_statements": 2, "percent_covered": 100.0, "percent_covered_display": "100", "missing_lines": 0, "excluded_lines": 0, "percent_statements_covered": 100.0, "percent_statements_covered_display": "100"}, "missing_lines": [], "excluded_lines": [], "start_line": 71}, "test_get_lifecycle_events": {"executed_lines": [81, 83, 85, 86, 87], "summary": {"covered_lines": 5, "num_statements": 5, "percent_covered": 100.0, "percent_covered_display": "100", "missing_lines": 0, "excluded_lines": 0, "percent_statements_covered": 100.0, "percent_statements_covered_display": "100"}, "missing_lines": [], "excluded_lines": [], "start_line": 79}, "test_publish_trace_event": {"executed_lines": [92, 99, 101], "summary": {"covered_lines": 3, "num_statements": 3, "percent_covered": 100.0, "percent_covered_display": "100", "missing_lines": 0, "excluded_lines": 0, "percent_statements_covered": 100.0, "percent_statements_covered_display": "100"}, "missing_lines": [], "excluded_lines": [], "start_line": 90}, "test_publish_lifecycle_event": {"executed_lines": [106, 113, 115], "summary": {"covered_lines": 3, "num_statements": 3, "percent_covered": 100.0, "percent_covered_display": "100", "missing_lines": 0, "excluded_lines": 0, "percent_statements_covered": 100.0, "percent_statements_covered_display": "100"}, "missing_lines": [], "excluded_lines": [], "start_line": 104}, "test_service_unavailable": {"executed_lines": [120, 126, 127, 128, 130, 131], "summary": {"covered_lines": 6, "num_statements": 6, "percent_covered": 100.0, "percent_covered_display": "100", "missing_lines": 0, "excluded_lines": 0, "percent_statements_covered": 100.0, "percent_statements_covered_display": "100"}, "missing_lines": [], "excluded_lines": [], "start_line": 118}, "": {"executed_lines": [3, 4, 5, 6, 8, 9, 12, 13, 20, 21, 28, 29, 37, 38, 52, 60, 71, 79, 90, 104, 118], "summary": {"covered_lines": 21, "num_statements": 21, "percent_covered": 100.0, "percent_covered_display": "100", "missing_lines": 0, "excluded_lines": 0, "percent_statements_covered": 100.0, "percent_statements_covered_display": "100"}, "missing_lines": [], "excluded_lines": [], "start_line": 1}}, "classes": {"": {"executed_lines": [3, 4, 5, 6, 8, 9, 12, 13, 15, 16, 17, 20, 21, 23, 24, 25, 28, 29, 31, 32, 33, 34, 37, 38, 40, 46, 47, 49, 52, 54, 57, 60, 62, 64, 66, 67, 68, 71, 73, 76, 79, 81, 83, 85, 86, 87, 90, 92, 99, 101, 104, 106, 113, 115, 118, 120, 126, 127, 128, 130, 131], "summary": {"covered_lines": 61, "num_statements": 61, "percent_covered": 100.0, "percent_covered_display": "100", "missing_lines": 0, "excluded_lines": 0, "percent_statements_covered": 100.0, "percent_statements_covered_display": "100"}, "missing_lines": [], "excluded_lines": [], "start_line": 1}}}}, "totals": {"covered_lines": 1230, "num_statements": 1408, "percent_covered": 87.35795454545455, "percent_covered_display": "87", "missing_lines": 178, "excluded_lines": 2, "percent_statements_covered": 87.35795454545455, "percent_statements_covered_display": "87"}}